----------------------------
[6/19/2025 2:15:55 AM](Info): Script initialized - 6/19/2025 2:15:55 AM
----------------------------
[6/19/2025 2:15:55 AM](Info): Loading Options.ini ...
[6/19/2025 2:15:55 AM](Info): Loaded Options.
[6/19/2025 2:15:55 AM](Info): Loading Developer Settings.ini ...
[6/19/2025 2:16:06 AM](Info): Initialization complete.
[6/19/2025 2:17:11 AM](Error): [SetBrakes] Pattern for brake offset not found.
[6/19/2025 2:17:17 AM](Error): [SetBrakes] Pattern for brake offset not found.
[6/19/2025 2:17:18 AM](Error): [SetBrakes] Pattern for brake offset not found.
[6/19/2025 2:17:18 AM](Error): [SetBrakes] Pattern for brake offset not found.
[6/19/2025 2:17:19 AM](Error): [SetBrakes] Pattern for brake offset not found.
[6/19/2025 2:17:19 AM](Error): [SetBrakes] Pattern for brake offset not found.
[6/19/2025 2:17:20 AM](Error): [SetBrakes] Pattern for brake offset not found.
[6/19/2025 2:17:20 AM](Error): [SetBrakes] Pattern for brake offset not found.
[6/19/2025 2:17:20 AM](Error): [SetThrottle] Pattern for throttle offset not found.
[6/19/2025 2:17:20 AM](Error): [SetBrakes] Pattern for brake offset not found.
[6/19/2025 2:17:20 AM](Error): [SetSteerAngle] Steer angle pattern not found.
[6/19/2025 2:17:20 AM](Error): [SetThrottle] Pattern for throttle offset not found.
[6/19/2025 2:17:20 AM](Error): [SetBrakes] Pattern for brake offset not found.
[6/19/2025 2:17:21 AM](Error): [SetSteerAngle] Steer angle pattern not found.
[6/19/2025 2:17:21 AM](Error): [SetThrottle] Pattern for throttle offset not found.
[6/19/2025 2:17:21 AM](Error): [SetBrakes] Pattern for brake offset not found.
[6/19/2025 2:17:21 AM](Error): [SetSteerAngle] Steer angle pattern not found.
[6/19/2025 2:17:21 AM](Error): [SetThrottle] Pattern for throttle offset not found.
[6/19/2025 2:17:21 AM](Error): [SetBrakes] Pattern for brake offset not found.
[6/19/2025 2:17:21 AM](Error): [SetSteerAngle] Steer angle pattern not found.
[6/19/2025 2:17:21 AM](Error): [SetThrottle] Pattern for throttle offset not found.
[6/19/2025 2:17:21 AM](Error): [SetBrakes] Pattern for brake offset not found.
[6/19/2025 2:17:21 AM](Error): [SetSteerAngle] Steer angle pattern not found.
[6/19/2025 2:17:21 AM](Error): [SetThrottle] Pattern for throttle offset not found.
[6/19/2025 2:17:21 AM](Error): [SetBrakes] Pattern for brake offset not found.
[6/19/2025 2:17:21 AM](Error): [SetSteerAngle] Steer angle pattern not found.
[6/19/2025 2:17:21 AM](Error): [SetThrottle] Pattern for throttle offset not found.
[6/19/2025 2:17:21 AM](Error): [SetBrakes] Pattern for brake offset not found.
[6/19/2025 2:17:22 AM](Error): [SetSteerAngle] Steer angle pattern not found.
[6/19/2025 2:17:22 AM](Error): [SetThrottle] Pattern for throttle offset not found.
[6/19/2025 2:17:22 AM](Error): [SetBrakes] Pattern for brake offset not found.
[6/19/2025 2:17:22 AM](Error): [SetSteerAngle] Steer angle pattern not found.
[6/19/2025 2:17:22 AM](Error): [SetThrottle] Pattern for throttle offset not found.
[6/19/2025 2:17:22 AM](Error): [SetBrakes] Pattern for brake offset not found.
[6/19/2025 2:17:22 AM](Error): [SetSteerAngle] Steer angle pattern not found.
[6/19/2025 2:17:22 AM](Error): [SetThrottle] Pattern for throttle offset not found.
[6/19/2025 2:17:22 AM](Error): [SetBrakes] Pattern for brake offset not found.
[6/19/2025 2:17:22 AM](Error): [SetSteerAngle] Steer angle pattern not found.
[6/19/2025 2:17:22 AM](Error): [SetThrottle] Pattern for throttle offset not found.
[6/19/2025 2:17:22 AM](Error): [SetBrakes] Pattern for brake offset not found.
[6/19/2025 2:17:22 AM](Error): [SetSteerAngle] Steer angle pattern not found.
[6/19/2025 2:17:22 AM](Error): [SetThrottle] Pattern for throttle offset not found.
[6/19/2025 2:17:22 AM](Error): [SetBrakes] Pattern for brake offset not found.
[6/19/2025 2:17:23 AM](Error): [SetSteerAngle] Steer angle pattern not found.
[6/19/2025 2:17:23 AM](Error): [SetThrottle] Pattern for throttle offset not found.
[6/19/2025 2:17:23 AM](Error): [SetBrakes] Pattern for brake offset not found.
[6/19/2025 2:17:23 AM](Error): [SetSteerAngle] Steer angle pattern not found.
[6/19/2025 2:17:23 AM](Error): [SetThrottle] Pattern for throttle offset not found.
[6/19/2025 2:17:23 AM](Error): [SetBrakes] Pattern for brake offset not found.
[6/19/2025 2:17:23 AM](Error): [SetSteerAngle] Steer angle pattern not found.
[6/19/2025 2:17:23 AM](Error): [SetThrottle] Pattern for throttle offset not found.
[6/19/2025 2:17:23 AM](Error): [SetBrakes] Pattern for brake offset not found.
[6/19/2025 2:17:23 AM](Error): [SetSteerAngle] Steer angle pattern not found.
[6/19/2025 2:17:23 AM](Error): [SetThrottle] Pattern for throttle offset not found.
[6/19/2025 2:17:23 AM](Error): [SetBrakes] Pattern for brake offset not found.
[6/19/2025 2:17:23 AM](Error): [SetSteerAngle] Steer angle pattern not found.
[6/19/2025 2:17:23 AM](Error): [SetThrottle] Pattern for throttle offset not found.
[6/19/2025 2:17:23 AM](Error): [SetBrakes] Pattern for brake offset not found.
[6/19/2025 2:17:23 AM](Error): [SetSteerAngle] Steer angle pattern not found.
[6/19/2025 2:17:24 AM](Error): [SetThrottle] Pattern for throttle offset not found.
[6/19/2025 2:17:24 AM](Error): [SetBrakes] Pattern for brake offset not found.
[6/19/2025 2:17:24 AM](Error): [SetSteerAngle] Steer angle pattern not found.
[6/19/2025 2:17:24 AM](Error): [SetThrottle] Pattern for throttle offset not found.
[6/19/2025 2:17:24 AM](Error): [SetBrakes] Pattern for brake offset not found.
[6/19/2025 2:17:24 AM](Error): [SetSteerAngle] Steer angle pattern not found.
[6/19/2025 2:17:24 AM](Error): [SetThrottle] Pattern for throttle offset not found.
[6/19/2025 2:17:24 AM](Error): [SetBrakes] Pattern for brake offset not found.
[6/19/2025 2:17:24 AM](Error): [SetSteerAngle] Steer angle pattern not found.
[6/19/2025 2:17:24 AM](Error): [SetThrottle] Pattern for throttle offset not found.
[6/19/2025 2:17:24 AM](Error): [SetBrakes] Pattern for brake offset not found.
[6/19/2025 2:17:24 AM](Error): [SetSteerAngle] Steer angle pattern not found.
[6/19/2025 2:17:24 AM](Error): [SetThrottle] Pattern for throttle offset not found.
[6/19/2025 2:17:24 AM](Error): [SetBrakes] Pattern for brake offset not found.
[6/19/2025 2:17:24 AM](Error): [SetSteerAngle] Steer angle pattern not found.
[6/19/2025 2:17:24 AM](Error): [SetThrottle] Pattern for throttle offset not found.
[6/19/2025 2:17:25 AM](Error): [SetBrakes] Pattern for brake offset not found.
[6/19/2025 2:17:25 AM](Error): [SetSteerAngle] Steer angle pattern not found.
[6/19/2025 2:17:25 AM](Error): [SetThrottle] Pattern for throttle offset not found.
[6/19/2025 2:17:25 AM](Error): [SetBrakes] Pattern for brake offset not found.
[6/19/2025 2:17:25 AM](Error): [SetSteerAngle] Steer angle pattern not found.
[6/19/2025 2:17:25 AM](Error): [SetThrottle] Pattern for throttle offset not found.
[6/19/2025 2:17:25 AM](Error): [SetBrakes] Pattern for brake offset not found.
[6/19/2025 2:17:25 AM](Error): [SetSteerAngle] Steer angle pattern not found.
[6/19/2025 2:17:25 AM](Error): [SetThrottle] Pattern for throttle offset not found.
[6/19/2025 2:17:25 AM](Error): [SetBrakes] Pattern for brake offset not found.
[6/19/2025 2:17:25 AM](Error): [SetSteerAngle] Steer angle pattern not found.
[6/19/2025 2:17:25 AM](Error): [SetThrottle] Pattern for throttle offset not found.
[6/19/2025 2:17:25 AM](Error): [SetBrakes] Pattern for brake offset not found.
[6/19/2025 2:17:25 AM](Error): [SetSteerAngle] Steer angle pattern not found.
[6/19/2025 2:17:25 AM](Error): [SetThrottle] Pattern for throttle offset not found.
[6/19/2025 2:17:26 AM](Error): [SetBrakes] Pattern for brake offset not found.
[6/19/2025 2:17:26 AM](Error): [SetSteerAngle] Steer angle pattern not found.
[6/19/2025 2:17:26 AM](Error): [SetThrottle] Pattern for throttle offset not found.
[6/19/2025 2:17:26 AM](Error): [SetBrakes] Pattern for brake offset not found.
[6/19/2025 2:17:26 AM](Error): [SetSteerAngle] Steer angle pattern not found.
[6/19/2025 2:17:26 AM](Error): [SetThrottle] Pattern for throttle offset not found.
[6/19/2025 2:17:26 AM](Error): [SetBrakes] Pattern for brake offset not found.
[6/19/2025 2:17:26 AM](Error): [SetSteerAngle] Steer angle pattern not found.
[6/19/2025 2:17:26 AM](Error): [SetThrottle] Pattern for throttle offset not found.
[6/19/2025 2:17:26 AM](Error): [SetBrakes] Pattern for brake offset not found.
[6/19/2025 2:17:26 AM](Error): [SetSteerAngle] Steer angle pattern not found.
[6/19/2025 2:17:26 AM](Error): [SetThrottle] Pattern for throttle offset not found.
[6/19/2025 2:17:26 AM](Error): [SetBrakes] Pattern for brake offset not found.
[6/19/2025 2:17:26 AM](Error): [SetSteerAngle] Steer angle pattern not found.
[6/19/2025 2:17:26 AM](Error): [SetThrottle] Pattern for throttle offset not found.
[6/19/2025 2:17:27 AM](Error): [SetBrakes] Pattern for brake offset not found.
[6/19/2025 2:17:27 AM](Error): [SetSteerAngle] Steer angle pattern not found.
[6/19/2025 2:17:27 AM](Error): [SetThrottle] Pattern for throttle offset not found.
[6/19/2025 2:17:27 AM](Error): [SetBrakes] Pattern for brake offset not found.
[6/19/2025 2:17:27 AM](Error): [SetSteerAngle] Steer angle pattern not found.
[6/19/2025 2:17:27 AM](Error): [SetThrottle] Pattern for throttle offset not found.
[6/19/2025 2:17:27 AM](Error): [SetBrakes] Pattern for brake offset not found.
[6/19/2025 2:17:27 AM](Error): [SetSteerAngle] Steer angle pattern not found.
[6/19/2025 2:17:27 AM](Error): [SetThrottle] Pattern for throttle offset not found.
[6/19/2025 2:17:27 AM](Error): [SetBrakes] Pattern for brake offset not found.
[6/19/2025 2:17:27 AM](Error): [SetSteerAngle] Steer angle pattern not found.
[6/19/2025 2:17:27 AM](Error): [SetThrottle] Pattern for throttle offset not found.
[6/19/2025 2:17:27 AM](Error): [SetBrakes] Pattern for brake offset not found.
[6/19/2025 2:17:27 AM](Error): [SetSteerAngle] Steer angle pattern not found.
[6/19/2025 2:17:27 AM](Error): [SetThrottle] Pattern for throttle offset not found.
[6/19/2025 2:17:27 AM](Error): [SetBrakes] Pattern for brake offset not found.
[6/19/2025 2:17:28 AM](Error): [SetSteerAngle] Steer angle pattern not found.
[6/19/2025 2:17:28 AM](Error): [SetThrottle] Pattern for throttle offset not found.
[6/19/2025 2:17:28 AM](Error): [SetBrakes] Pattern for brake offset not found.
[6/19/2025 2:17:28 AM](Error): [SetSteerAngle] Steer angle pattern not found.
[6/19/2025 2:17:28 AM](Error): [SetThrottle] Pattern for throttle offset not found.
[6/19/2025 2:17:28 AM](Error): [SetBrakes] Pattern for brake offset not found.
[6/19/2025 2:17:28 AM](Error): [SetSteerAngle] Steer angle pattern not found.
[6/19/2025 2:17:28 AM](Error): [SetThrottle] Pattern for throttle offset not found.
[6/19/2025 2:17:28 AM](Error): [SetBrakes] Pattern for brake offset not found.
[6/19/2025 2:17:28 AM](Error): [SetSteerAngle] Steer angle pattern not found.
[6/19/2025 2:17:28 AM](Error): [SetThrottle] Pattern for throttle offset not found.
[6/19/2025 2:17:28 AM](Error): [SetBrakes] Pattern for brake offset not found.
[6/19/2025 2:17:28 AM](Error): [SetSteerAngle] Steer angle pattern not found.
[6/19/2025 2:17:28 AM](Error): [SetThrottle] Pattern for throttle offset not found.
[6/19/2025 2:17:28 AM](Error): [SetBrakes] Pattern for brake offset not found.
[6/19/2025 2:17:28 AM](Error): [SetSteerAngle] Steer angle pattern not found.
[6/19/2025 2:17:29 AM](Error): [SetThrottle] Pattern for throttle offset not found.
[6/19/2025 2:17:29 AM](Error): [SetBrakes] Pattern for brake offset not found.
[6/19/2025 2:17:29 AM](Error): [SetSteerAngle] Steer angle pattern not found.
[6/19/2025 2:17:29 AM](Error): [SetThrottle] Pattern for throttle offset not found.
[6/19/2025 2:17:29 AM](Error): [SetBrakes] Pattern for brake offset not found.
[6/19/2025 2:17:29 AM](Error): [SetSteerAngle] Steer angle pattern not found.
[6/19/2025 2:17:29 AM](Error): [SetThrottle] Pattern for throttle offset not found.
[6/19/2025 2:17:29 AM](Error): [SetBrakes] Pattern for brake offset not found.
[6/19/2025 2:17:29 AM](Error): [SetSteerAngle] Steer angle pattern not found.
[6/19/2025 2:17:29 AM](Error): [SetThrottle] Pattern for throttle offset not found.
[6/19/2025 2:17:29 AM](Error): [SetBrakes] Pattern for brake offset not found.
[6/19/2025 2:17:29 AM](Error): [SetSteerAngle] Steer angle pattern not found.
[6/19/2025 2:17:29 AM](Error): [SetThrottle] Pattern for throttle offset not found.
[6/19/2025 2:17:29 AM](Error): [SetBrakes] Pattern for brake offset not found.
[6/19/2025 2:17:29 AM](Error): [SetSteerAngle] Steer angle pattern not found.
[6/19/2025 2:17:29 AM](Error): [SetThrottle] Pattern for throttle offset not found.
[6/19/2025 2:17:30 AM](Error): [SetBrakes] Pattern for brake offset not found.
[6/19/2025 2:17:30 AM](Error): [SetSteerAngle] Steer angle pattern not found.
[6/19/2025 2:17:30 AM](Error): [SetThrottle] Pattern for throttle offset not found.
[6/19/2025 2:17:30 AM](Error): [SetBrakes] Pattern for brake offset not found.
[6/19/2025 2:17:30 AM](Error): [SetSteerAngle] Steer angle pattern not found.
[6/19/2025 2:17:30 AM](Error): [SetThrottle] Pattern for throttle offset not found.
[6/19/2025 2:17:30 AM](Error): [SetBrakes] Pattern for brake offset not found.
[6/19/2025 2:17:30 AM](Error): [SetSteerAngle] Steer angle pattern not found.
[6/19/2025 2:17:30 AM](Error): [SetThrottle] Pattern for throttle offset not found.
[6/19/2025 2:17:30 AM](Error): [SetBrakes] Pattern for brake offset not found.
[6/19/2025 2:17:30 AM](Error): [SetSteerAngle] Steer angle pattern not found.
[6/19/2025 2:17:30 AM](Error): [SetThrottle] Pattern for throttle offset not found.
[6/19/2025 2:17:30 AM](Error): [SetBrakes] Pattern for brake offset not found.
[6/19/2025 2:17:30 AM](Error): [SetSteerAngle] Steer angle pattern not found.
[6/19/2025 2:17:30 AM](Error): [SetThrottle] Pattern for throttle offset not found.
[6/19/2025 2:17:30 AM](Error): [SetBrakes] Pattern for brake offset not found.
[6/19/2025 2:17:31 AM](Error): [SetSteerAngle] Steer angle pattern not found.
[6/19/2025 2:17:31 AM](Error): [SetThrottle] Pattern for throttle offset not found.
[6/19/2025 2:17:31 AM](Error): [SetBrakes] Pattern for brake offset not found.
[6/19/2025 2:17:31 AM](Error): [SetSteerAngle] Steer angle pattern not found.
[6/19/2025 2:17:31 AM](Error): [SetThrottle] Pattern for throttle offset not found.
[6/19/2025 2:17:31 AM](Error): [SetBrakes] Pattern for brake offset not found.
[6/19/2025 2:17:31 AM](Error): [SetSteerAngle] Steer angle pattern not found.
[6/19/2025 2:17:31 AM](Error): [SetThrottle] Pattern for throttle offset not found.
[6/19/2025 2:17:31 AM](Error): [SetBrakes] Pattern for brake offset not found.
[6/19/2025 2:17:31 AM](Error): [SetSteerAngle] Steer angle pattern not found.
[6/19/2025 2:17:31 AM](Error): [SetThrottle] Pattern for throttle offset not found.
[6/19/2025 2:17:31 AM](Error): [SetBrakes] Pattern for brake offset not found.
[6/19/2025 2:17:31 AM](Error): [SetSteerAngle] Steer angle pattern not found.
[6/19/2025 2:17:31 AM](Error): [SetThrottle] Pattern for throttle offset not found.
[6/19/2025 2:17:31 AM](Error): [SetBrakes] Pattern for brake offset not found.
[6/19/2025 2:17:31 AM](Error): [SetSteerAngle] Steer angle pattern not found.
[6/19/2025 2:17:32 AM](Error): [SetThrottle] Pattern for throttle offset not found.
[6/19/2025 2:17:32 AM](Error): [SetBrakes] Pattern for brake offset not found.
[6/19/2025 2:17:32 AM](Error): [SetSteerAngle] Steer angle pattern not found.
[6/19/2025 2:17:32 AM](Error): [SetThrottle] Pattern for throttle offset not found.
[6/19/2025 2:17:32 AM](Error): [SetBrakes] Pattern for brake offset not found.
[6/19/2025 2:17:32 AM](Error): [SetSteerAngle] Steer angle pattern not found.
[6/19/2025 2:17:32 AM](Error): [SetThrottle] Pattern for throttle offset not found.
[6/19/2025 2:17:32 AM](Error): [SetBrakes] Pattern for brake offset not found.
[6/19/2025 2:17:32 AM](Error): [SetSteerAngle] Steer angle pattern not found.
[6/19/2025 2:17:32 AM](Error): [SetThrottle] Pattern for throttle offset not found.
[6/19/2025 2:17:32 AM](Error): [SetBrakes] Pattern for brake offset not found.
[6/19/2025 2:17:32 AM](Error): [SetSteerAngle] Steer angle pattern not found.
[6/19/2025 2:17:32 AM](Error): [SetThrottle] Pattern for throttle offset not found.
[6/19/2025 2:17:32 AM](Error): [SetBrakes] Pattern for brake offset not found.
[6/19/2025 2:17:32 AM](Error): [SetSteerAngle] Steer angle pattern not found.
[6/19/2025 2:17:33 AM](Error): [SetThrottle] Pattern for throttle offset not found.
[6/19/2025 2:17:33 AM](Error): [SetBrakes] Pattern for brake offset not found.
[6/19/2025 2:17:33 AM](Error): [SetSteerAngle] Steer angle pattern not found.
[6/19/2025 2:17:33 AM](Error): [SetThrottle] Pattern for throttle offset not found.
[6/19/2025 2:17:33 AM](Error): [SetBrakes] Pattern for brake offset not found.
[6/19/2025 2:17:33 AM](Error): [SetSteerAngle] Steer angle pattern not found.
[6/19/2025 2:17:33 AM](Error): [SetThrottle] Pattern for throttle offset not found.
[6/19/2025 2:17:33 AM](Error): [SetBrakes] Pattern for brake offset not found.
[6/19/2025 2:17:33 AM](Error): [SetSteerAngle] Steer angle pattern not found.
[6/19/2025 2:17:33 AM](Error): [SetThrottle] Pattern for throttle offset not found.
[6/19/2025 2:17:33 AM](Error): [SetBrakes] Pattern for brake offset not found.
[6/19/2025 2:17:33 AM](Error): [SetSteerAngle] Steer angle pattern not found.
[6/19/2025 2:17:33 AM](Error): [SetThrottle] Pattern for throttle offset not found.
[6/19/2025 2:17:33 AM](Error): [SetBrakes] Pattern for brake offset not found.
[6/19/2025 2:17:33 AM](Error): [SetSteerAngle] Steer angle pattern not found.
[6/19/2025 2:17:33 AM](Error): [SetThrottle] Pattern for throttle offset not found.
[6/19/2025 2:17:33 AM](Error): [SetBrakes] Pattern for brake offset not found.
[6/19/2025 2:17:34 AM](Error): [SetSteerAngle] Steer angle pattern not found.
[6/19/2025 2:17:34 AM](Error): [SetThrottle] Pattern for throttle offset not found.
[6/19/2025 2:17:34 AM](Error): [SetBrakes] Pattern for brake offset not found.
[6/19/2025 2:17:34 AM](Error): [SetSteerAngle] Steer angle pattern not found.
[6/19/2025 2:17:34 AM](Error): [SetThrottle] Pattern for throttle offset not found.
[6/19/2025 2:17:34 AM](Error): [SetBrakes] Pattern for brake offset not found.
[6/19/2025 2:17:34 AM](Error): [SetSteerAngle] Steer angle pattern not found.
[6/19/2025 2:17:34 AM](Error): [SetThrottle] Pattern for throttle offset not found.
[6/19/2025 2:17:34 AM](Error): [SetBrakes] Pattern for brake offset not found.
[6/19/2025 2:17:34 AM](Error): [SetSteerAngle] Steer angle pattern not found.
[6/19/2025 2:17:34 AM](Error): [SetThrottle] Pattern for throttle offset not found.
[6/19/2025 2:17:34 AM](Error): [SetBrakes] Pattern for brake offset not found.
[6/19/2025 2:17:34 AM](Error): [SetSteerAngle] Steer angle pattern not found.
[6/19/2025 2:17:34 AM](Error): [SetThrottle] Pattern for throttle offset not found.
[6/19/2025 2:17:34 AM](Error): [SetBrakes] Pattern for brake offset not found.
[6/19/2025 2:17:35 AM](Error): [SetSteerAngle] Steer angle pattern not found.
[6/19/2025 2:17:35 AM](Error): [SetThrottle] Pattern for throttle offset not found.
[6/19/2025 2:17:35 AM](Error): [SetBrakes] Pattern for brake offset not found.
[6/19/2025 2:17:35 AM](Error): [SetSteerAngle] Steer angle pattern not found.
[6/19/2025 2:17:35 AM](Error): [SetThrottle] Pattern for throttle offset not found.
[6/19/2025 2:17:35 AM](Error): [SetBrakes] Pattern for brake offset not found.
[6/19/2025 2:17:35 AM](Error): [SetSteerAngle] Steer angle pattern not found.
[6/19/2025 2:17:35 AM](Error): [SetThrottle] Pattern for throttle offset not found.
[6/19/2025 2:17:35 AM](Error): [SetBrakes] Pattern for brake offset not found.
[6/19/2025 2:17:35 AM](Error): [SetSteerAngle] Steer angle pattern not found.
[6/19/2025 2:17:35 AM](Error): [SetThrottle] Pattern for throttle offset not found.
[6/19/2025 2:17:35 AM](Error): [SetBrakes] Pattern for brake offset not found.
[6/19/2025 2:17:35 AM](Error): [SetSteerAngle] Steer angle pattern not found.
[6/19/2025 2:17:35 AM](Error): [SetThrottle] Pattern for throttle offset not found.
[6/19/2025 2:17:35 AM](Error): [SetBrakes] Pattern for brake offset not found.
[6/19/2025 2:17:35 AM](Error): [SetSteerAngle] Steer angle pattern not found.
[6/19/2025 2:17:36 AM](Error): [SetThrottle] Pattern for throttle offset not found.
[6/19/2025 2:17:36 AM](Error): [SetBrakes] Pattern for brake offset not found.
[6/19/2025 2:17:36 AM](Error): [SetSteerAngle] Steer angle pattern not found.
[6/19/2025 2:17:36 AM](Error): [SetThrottle] Pattern for throttle offset not found.
[6/19/2025 2:17:36 AM](Error): [SetBrakes] Pattern for brake offset not found.
[6/19/2025 2:17:36 AM](Error): [SetSteerAngle] Steer angle pattern not found.
[6/19/2025 2:17:36 AM](Error): [SetThrottle] Pattern for throttle offset not found.
[6/19/2025 2:17:36 AM](Error): [SetBrakes] Pattern for brake offset not found.
[6/19/2025 2:17:36 AM](Error): [SetSteerAngle] Steer angle pattern not found.
[6/19/2025 2:17:36 AM](Error): [SetThrottle] Pattern for throttle offset not found.
[6/19/2025 2:17:36 AM](Error): [SetBrakes] Pattern for brake offset not found.
[6/19/2025 2:17:36 AM](Error): [SetSteerAngle] Steer angle pattern not found.
[6/19/2025 2:17:36 AM](Error): [SetThrottle] Pattern for throttle offset not found.
[6/19/2025 2:17:36 AM](Error): [SetBrakes] Pattern for brake offset not found.
[6/19/2025 2:17:36 AM](Error): [SetSteerAngle] Steer angle pattern not found.
[6/19/2025 2:17:36 AM](Error): [SetThrottle] Pattern for throttle offset not found.
[6/19/2025 2:17:36 AM](Error): [SetBrakes] Pattern for brake offset not found.
[6/19/2025 2:17:37 AM](Error): [SetSteerAngle] Steer angle pattern not found.
[6/19/2025 2:17:37 AM](Error): [SetThrottle] Pattern for throttle offset not found.
[6/19/2025 2:17:37 AM](Error): [SetBrakes] Pattern for brake offset not found.
[6/19/2025 2:17:37 AM](Error): [SetSteerAngle] Steer angle pattern not found.
[6/19/2025 2:17:37 AM](Error): [SetThrottle] Pattern for throttle offset not found.
[6/19/2025 2:17:37 AM](Error): [SetBrakes] Pattern for brake offset not found.
[6/19/2025 2:17:37 AM](Error): [SetSteerAngle] Steer angle pattern not found.
[6/19/2025 2:17:37 AM](Error): [SetThrottle] Pattern for throttle offset not found.
[6/19/2025 2:17:37 AM](Error): [SetBrakes] Pattern for brake offset not found.
[6/19/2025 2:17:37 AM](Error): [SetSteerAngle] Steer angle pattern not found.
[6/19/2025 2:17:37 AM](Error): [SetThrottle] Pattern for throttle offset not found.
[6/19/2025 2:17:37 AM](Error): [SetBrakes] Pattern for brake offset not found.
[6/19/2025 2:17:37 AM](Error): [SetSteerAngle] Steer angle pattern not found.
[6/19/2025 2:17:37 AM](Error): [SetThrottle] Pattern for throttle offset not found.
[6/19/2025 2:17:37 AM](Error): [SetBrakes] Pattern for brake offset not found.
[6/19/2025 2:17:37 AM](Error): [SetSteerAngle] Steer angle pattern not found.
[6/19/2025 2:17:38 AM](Error): [SetThrottle] Pattern for throttle offset not found.
[6/19/2025 2:17:38 AM](Error): [SetBrakes] Pattern for brake offset not found.
[6/19/2025 2:17:38 AM](Error): [SetSteerAngle] Steer angle pattern not found.
[6/19/2025 2:17:38 AM](Error): [SetThrottle] Pattern for throttle offset not found.
[6/19/2025 2:17:38 AM](Error): [SetBrakes] Pattern for brake offset not found.
[6/19/2025 2:17:38 AM](Error): [SetSteerAngle] Steer angle pattern not found.
[6/19/2025 2:17:38 AM](Error): [SetThrottle] Pattern for throttle offset not found.
[6/19/2025 2:17:38 AM](Error): [SetBrakes] Pattern for brake offset not found.
[6/19/2025 2:17:38 AM](Error): [SetSteerAngle] Steer angle pattern not found.
[6/19/2025 2:17:38 AM](Error): [SetThrottle] Pattern for throttle offset not found.
[6/19/2025 2:17:38 AM](Error): [SetBrakes] Pattern for brake offset not found.
[6/19/2025 2:17:38 AM](Error): [SetSteerAngle] Steer angle pattern not found.
[6/19/2025 2:17:38 AM](Error): [SetThrottle] Pattern for throttle offset not found.
[6/19/2025 2:17:38 AM](Error): [SetBrakes] Pattern for brake offset not found.
[6/19/2025 2:17:38 AM](Error): [SetSteerAngle] Steer angle pattern not found.
[6/19/2025 2:17:38 AM](Error): [SetThrottle] Pattern for throttle offset not found.
[6/19/2025 2:17:39 AM](Error): [SetBrakes] Pattern for brake offset not found.
[6/19/2025 2:17:39 AM](Error): [SetSteerAngle] Steer angle pattern not found.
[6/19/2025 2:17:39 AM](Error): [SetThrottle] Pattern for throttle offset not found.
[6/19/2025 2:17:39 AM](Error): [SetBrakes] Pattern for brake offset not found.
[6/19/2025 2:17:39 AM](Error): [SetSteerAngle] Steer angle pattern not found.
[6/19/2025 2:17:39 AM](Error): [SetThrottle] Pattern for throttle offset not found.
[6/19/2025 2:17:39 AM](Error): [SetBrakes] Pattern for brake offset not found.
[6/19/2025 2:17:39 AM](Error): [SetSteerAngle] Steer angle pattern not found.
[6/19/2025 2:17:39 AM](Error): [SetThrottle] Pattern for throttle offset not found.
[6/19/2025 2:17:39 AM](Error): [SetBrakes] Pattern for brake offset not found.
[6/19/2025 2:17:39 AM](Error): [SetSteerAngle] Steer angle pattern not found.
[6/19/2025 2:17:39 AM](Error): [SetThrottle] Pattern for throttle offset not found.
[6/19/2025 2:17:39 AM](Error): [SetBrakes] Pattern for brake offset not found.
[6/19/2025 2:17:39 AM](Error): [SetSteerAngle] Steer angle pattern not found.
[6/19/2025 2:17:39 AM](Error): [SetThrottle] Pattern for throttle offset not found.
[6/19/2025 2:17:39 AM](Error): [SetBrakes] Pattern for brake offset not found.
[6/19/2025 2:17:40 AM](Error): [SetSteerAngle] Steer angle pattern not found.
[6/19/2025 2:17:40 AM](Error): [SetThrottle] Pattern for throttle offset not found.
[6/19/2025 2:17:40 AM](Error): [SetBrakes] Pattern for brake offset not found.
[6/19/2025 2:17:40 AM](Error): [SetSteerAngle] Steer angle pattern not found.
[6/19/2025 2:17:40 AM](Error): [SetThrottle] Pattern for throttle offset not found.
[6/19/2025 2:17:40 AM](Error): [SetBrakes] Pattern for brake offset not found.
[6/19/2025 2:17:40 AM](Error): [SetSteerAngle] Steer angle pattern not found.
[6/19/2025 2:17:40 AM](Error): [SetThrottle] Pattern for throttle offset not found.
[6/19/2025 2:17:40 AM](Error): [SetBrakes] Pattern for brake offset not found.
[6/19/2025 2:17:40 AM](Error): [SetSteerAngle] Steer angle pattern not found.
[6/19/2025 2:17:40 AM](Error): [SetThrottle] Pattern for throttle offset not found.
[6/19/2025 2:17:40 AM](Error): [SetBrakes] Pattern for brake offset not found.
[6/19/2025 2:17:40 AM](Error): [SetSteerAngle] Steer angle pattern not found.
[6/19/2025 2:17:40 AM](Error): [SetThrottle] Pattern for throttle offset not found.
[6/19/2025 2:17:40 AM](Error): [SetBrakes] Pattern for brake offset not found.
[6/19/2025 2:17:40 AM](Error): [SetSteerAngle] Steer angle pattern not found.
[6/19/2025 2:17:41 AM](Error): [SetThrottle] Pattern for throttle offset not found.
[6/19/2025 2:17:41 AM](Error): [SetBrakes] Pattern for brake offset not found.
[6/19/2025 2:17:41 AM](Error): [SetSteerAngle] Steer angle pattern not found.
[6/19/2025 2:17:41 AM](Error): [SetThrottle] Pattern for throttle offset not found.
[6/19/2025 2:17:41 AM](Error): [SetBrakes] Pattern for brake offset not found.
[6/19/2025 2:17:41 AM](Error): [SetSteerAngle] Steer angle pattern not found.
[6/19/2025 2:17:41 AM](Error): [SetThrottle] Pattern for throttle offset not found.
[6/19/2025 2:17:41 AM](Error): [SetBrakes] Pattern for brake offset not found.
[6/19/2025 2:17:41 AM](Error): [SetSteerAngle] Steer angle pattern not found.
[6/19/2025 2:17:41 AM](Error): [SetThrottle] Pattern for throttle offset not found.
[6/19/2025 2:17:41 AM](Error): [SetBrakes] Pattern for brake offset not found.
[6/19/2025 2:17:41 AM](Error): [SetSteerAngle] Steer angle pattern not found.
[6/19/2025 2:17:41 AM](Error): [SetThrottle] Pattern for throttle offset not found.
[6/19/2025 2:17:41 AM](Error): [SetBrakes] Pattern for brake offset not found.
[6/19/2025 2:17:41 AM](Error): [SetSteerAngle] Steer angle pattern not found.
[6/19/2025 2:17:41 AM](Error): [SetThrottle] Pattern for throttle offset not found.
[6/19/2025 2:17:42 AM](Error): [SetBrakes] Pattern for brake offset not found.
[6/19/2025 2:17:42 AM](Error): [SetSteerAngle] Steer angle pattern not found.
[6/19/2025 2:17:42 AM](Error): [SetThrottle] Pattern for throttle offset not found.
[6/19/2025 2:17:42 AM](Error): [SetBrakes] Pattern for brake offset not found.
[6/19/2025 2:17:42 AM](Error): [SetSteerAngle] Steer angle pattern not found.
[6/19/2025 2:17:42 AM](Error): [SetThrottle] Pattern for throttle offset not found.
[6/19/2025 2:17:42 AM](Error): [SetBrakes] Pattern for brake offset not found.
[6/19/2025 2:17:42 AM](Error): [SetSteerAngle] Steer angle pattern not found.
[6/19/2025 2:17:42 AM](Error): [SetThrottle] Pattern for throttle offset not found.
[6/19/2025 2:17:42 AM](Error): [SetBrakes] Pattern for brake offset not found.
[6/19/2025 2:17:42 AM](Error): [SetSteerAngle] Steer angle pattern not found.
[6/19/2025 2:17:42 AM](Error): [SetThrottle] Pattern for throttle offset not found.
[6/19/2025 2:17:42 AM](Error): [SetBrakes] Pattern for brake offset not found.
[6/19/2025 2:17:42 AM](Error): [SetSteerAngle] Steer angle pattern not found.
[6/19/2025 2:17:42 AM](Error): [SetThrottle] Pattern for throttle offset not found.
[6/19/2025 2:17:42 AM](Error): [SetBrakes] Pattern for brake offset not found.
[6/19/2025 2:17:42 AM](Error): [SetSteerAngle] Steer angle pattern not found.
[6/19/2025 2:17:43 AM](Error): [SetThrottle] Pattern for throttle offset not found.
[6/19/2025 2:17:43 AM](Error): [SetBrakes] Pattern for brake offset not found.
[6/19/2025 2:17:43 AM](Error): [SetSteerAngle] Steer angle pattern not found.
[6/19/2025 2:17:43 AM](Error): [SetThrottle] Pattern for throttle offset not found.
[6/19/2025 2:17:43 AM](Error): [SetBrakes] Pattern for brake offset not found.
[6/19/2025 2:17:43 AM](Error): [SetSteerAngle] Steer angle pattern not found.
[6/19/2025 2:17:43 AM](Error): [SetThrottle] Pattern for throttle offset not found.
[6/19/2025 2:17:43 AM](Error): [SetBrakes] Pattern for brake offset not found.
[6/19/2025 2:17:43 AM](Error): [SetSteerAngle] Steer angle pattern not found.
[6/19/2025 2:17:43 AM](Error): [SetThrottle] Pattern for throttle offset not found.
[6/19/2025 2:17:43 AM](Error): [SetBrakes] Pattern for brake offset not found.
[6/19/2025 2:17:43 AM](Error): [SetSteerAngle] Steer angle pattern not found.
[6/19/2025 2:17:43 AM](Error): [SetThrottle] Pattern for throttle offset not found.
[6/19/2025 2:17:43 AM](Error): [SetBrakes] Pattern for brake offset not found.
[6/19/2025 2:17:43 AM](Error): [SetSteerAngle] Steer angle pattern not found.
[6/19/2025 2:17:43 AM](Error): [SetThrottle] Pattern for throttle offset not found.
[6/19/2025 2:17:44 AM](Error): [SetBrakes] Pattern for brake offset not found.
[6/19/2025 2:17:44 AM](Error): [SetSteerAngle] Steer angle pattern not found.
[6/19/2025 2:17:44 AM](Error): [SetThrottle] Pattern for throttle offset not found.
[6/19/2025 2:17:44 AM](Error): [SetBrakes] Pattern for brake offset not found.
[6/19/2025 2:17:44 AM](Error): [SetSteerAngle] Steer angle pattern not found.
[6/19/2025 2:17:44 AM](Error): [SetThrottle] Pattern for throttle offset not found.
[6/19/2025 2:17:44 AM](Error): [SetBrakes] Pattern for brake offset not found.
[6/19/2025 2:17:44 AM](Error): [SetSteerAngle] Steer angle pattern not found.
[6/19/2025 2:17:44 AM](Error): [SetThrottle] Pattern for throttle offset not found.
[6/19/2025 2:17:44 AM](Error): [SetBrakes] Pattern for brake offset not found.
[6/19/2025 2:17:44 AM](Error): [SetSteerAngle] Steer angle pattern not found.
[6/19/2025 2:17:44 AM](Error): [SetThrottle] Pattern for throttle offset not found.
[6/19/2025 2:17:44 AM](Error): [SetBrakes] Pattern for brake offset not found.
[6/19/2025 2:17:44 AM](Error): [SetSteerAngle] Steer angle pattern not found.
[6/19/2025 2:17:44 AM](Error): [SetThrottle] Pattern for throttle offset not found.
[6/19/2025 2:17:44 AM](Error): [SetBrakes] Pattern for brake offset not found.
[6/19/2025 2:17:45 AM](Error): [SetSteerAngle] Steer angle pattern not found.
[6/19/2025 2:17:45 AM](Error): [SetThrottle] Pattern for throttle offset not found.
[6/19/2025 2:17:45 AM](Error): [SetBrakes] Pattern for brake offset not found.
[6/19/2025 2:17:45 AM](Error): [SetSteerAngle] Steer angle pattern not found.
[6/19/2025 2:17:45 AM](Error): [SetThrottle] Pattern for throttle offset not found.
[6/19/2025 2:17:45 AM](Error): [SetBrakes] Pattern for brake offset not found.
[6/19/2025 2:17:45 AM](Error): [SetSteerAngle] Steer angle pattern not found.
[6/19/2025 2:17:45 AM](Error): [SetThrottle] Pattern for throttle offset not found.
[6/19/2025 2:17:45 AM](Error): [SetBrakes] Pattern for brake offset not found.
[6/19/2025 2:17:45 AM](Error): [SetSteerAngle] Steer angle pattern not found.
[6/19/2025 2:17:45 AM](Error): [SetThrottle] Pattern for throttle offset not found.
[6/19/2025 2:17:45 AM](Error): [SetBrakes] Pattern for brake offset not found.
[6/19/2025 2:17:45 AM](Error): [SetSteerAngle] Steer angle pattern not found.
[6/19/2025 2:17:45 AM](Error): [SetThrottle] Pattern for throttle offset not found.
[6/19/2025 2:17:45 AM](Error): [SetBrakes] Pattern for brake offset not found.
[6/19/2025 2:17:45 AM](Error): [SetSteerAngle] Steer angle pattern not found.
[6/19/2025 2:17:46 AM](Error): [SetThrottle] Pattern for throttle offset not found.
[6/19/2025 2:17:46 AM](Error): [SetBrakes] Pattern for brake offset not found.
[6/19/2025 2:17:46 AM](Error): [SetSteerAngle] Steer angle pattern not found.
[6/19/2025 2:17:46 AM](Error): [SetThrottle] Pattern for throttle offset not found.
[6/19/2025 2:17:46 AM](Error): [SetBrakes] Pattern for brake offset not found.
[6/19/2025 2:17:46 AM](Error): [SetSteerAngle] Steer angle pattern not found.
[6/19/2025 2:17:46 AM](Error): [SetThrottle] Pattern for throttle offset not found.
[6/19/2025 2:17:46 AM](Error): [SetBrakes] Pattern for brake offset not found.
[6/19/2025 2:17:46 AM](Error): [SetSteerAngle] Steer angle pattern not found.
[6/19/2025 2:17:46 AM](Error): [SetThrottle] Pattern for throttle offset not found.
[6/19/2025 2:17:46 AM](Error): [SetBrakes] Pattern for brake offset not found.
[6/19/2025 2:17:46 AM](Error): [SetSteerAngle] Steer angle pattern not found.
[6/19/2025 2:17:46 AM](Error): [SetThrottle] Pattern for throttle offset not found.
[6/19/2025 2:17:46 AM](Error): [SetBrakes] Pattern for brake offset not found.
[6/19/2025 2:17:46 AM](Error): [SetSteerAngle] Steer angle pattern not found.
[6/19/2025 2:17:46 AM](Error): [SetThrottle] Pattern for throttle offset not found.
[6/19/2025 2:17:46 AM](Error): [SetBrakes] Pattern for brake offset not found.
[6/19/2025 2:17:47 AM](Error): [SetSteerAngle] Steer angle pattern not found.
[6/19/2025 2:17:47 AM](Error): [SetThrottle] Pattern for throttle offset not found.
[6/19/2025 2:17:47 AM](Error): [SetBrakes] Pattern for brake offset not found.
[6/19/2025 2:17:47 AM](Error): [SetSteerAngle] Steer angle pattern not found.
[6/19/2025 2:17:47 AM](Error): [SetThrottle] Pattern for throttle offset not found.
[6/19/2025 2:17:47 AM](Error): [SetBrakes] Pattern for brake offset not found.
[6/19/2025 2:17:47 AM](Error): [SetSteerAngle] Steer angle pattern not found.
[6/19/2025 2:17:47 AM](Error): [SetThrottle] Pattern for throttle offset not found.
[6/19/2025 2:17:47 AM](Error): [SetBrakes] Pattern for brake offset not found.
[6/19/2025 2:17:47 AM](Error): [SetSteerAngle] Steer angle pattern not found.
[6/19/2025 2:17:47 AM](Error): [SetThrottle] Pattern for throttle offset not found.
[6/19/2025 2:17:47 AM](Error): [SetBrakes] Pattern for brake offset not found.
[6/19/2025 2:17:47 AM](Error): [SetSteerAngle] Steer angle pattern not found.
[6/19/2025 2:17:47 AM](Error): [SetThrottle] Pattern for throttle offset not found.
[6/19/2025 2:17:47 AM](Error): [SetBrakes] Pattern for brake offset not found.
[6/19/2025 2:17:47 AM](Error): [SetSteerAngle] Steer angle pattern not found.
[6/19/2025 2:17:48 AM](Error): [SetThrottle] Pattern for throttle offset not found.
[6/19/2025 2:17:48 AM](Error): [SetBrakes] Pattern for brake offset not found.
[6/19/2025 2:17:48 AM](Error): [SetSteerAngle] Steer angle pattern not found.
[6/19/2025 2:17:48 AM](Error): [SetThrottle] Pattern for throttle offset not found.
[6/19/2025 2:17:48 AM](Error): [SetBrakes] Pattern for brake offset not found.
[6/19/2025 2:17:48 AM](Error): [SetSteerAngle] Steer angle pattern not found.
[6/19/2025 2:17:48 AM](Error): [SetThrottle] Pattern for throttle offset not found.
[6/19/2025 2:17:48 AM](Error): [SetBrakes] Pattern for brake offset not found.
[6/19/2025 2:17:48 AM](Error): [SetSteerAngle] Steer angle pattern not found.
[6/19/2025 2:17:48 AM](Error): [SetThrottle] Pattern for throttle offset not found.
[6/19/2025 2:17:48 AM](Error): [SetBrakes] Pattern for brake offset not found.
[6/19/2025 2:17:48 AM](Error): [SetSteerAngle] Steer angle pattern not found.
[6/19/2025 2:17:48 AM](Error): [SetThrottle] Pattern for throttle offset not found.
[6/19/2025 2:17:48 AM](Error): [SetBrakes] Pattern for brake offset not found.
[6/19/2025 2:17:48 AM](Error): [SetSteerAngle] Steer angle pattern not found.
[6/19/2025 2:17:48 AM](Error): [SetThrottle] Pattern for throttle offset not found.
[6/19/2025 2:17:49 AM](Error): [SetBrakes] Pattern for brake offset not found.
[6/19/2025 2:17:49 AM](Error): [SetSteerAngle] Steer angle pattern not found.
[6/19/2025 2:17:49 AM](Error): [SetThrottle] Pattern for throttle offset not found.
[6/19/2025 2:17:49 AM](Error): [SetBrakes] Pattern for brake offset not found.
[6/19/2025 2:17:49 AM](Error): [SetSteerAngle] Steer angle pattern not found.
[6/19/2025 2:17:49 AM](Error): [SetThrottle] Pattern for throttle offset not found.
[6/19/2025 2:17:49 AM](Error): [SetBrakes] Pattern for brake offset not found.
[6/19/2025 2:17:49 AM](Error): [SetSteerAngle] Steer angle pattern not found.
[6/19/2025 2:17:49 AM](Error): [SetThrottle] Pattern for throttle offset not found.
[6/19/2025 2:17:49 AM](Error): [SetBrakes] Pattern for brake offset not found.
[6/19/2025 2:17:49 AM](Error): [SetSteerAngle] Steer angle pattern not found.
[6/19/2025 2:17:49 AM](Error): [SetThrottle] Pattern for throttle offset not found.
[6/19/2025 2:17:49 AM](Error): [SetBrakes] Pattern for brake offset not found.
[6/19/2025 2:17:49 AM](Error): [SetSteerAngle] Steer angle pattern not found.
[6/19/2025 2:17:49 AM](Error): [SetThrottle] Pattern for throttle offset not found.
[6/19/2025 2:17:49 AM](Error): [SetBrakes] Pattern for brake offset not found.
[6/19/2025 2:17:49 AM](Error): [SetSteerAngle] Steer angle pattern not found.
[6/19/2025 2:17:50 AM](Error): [SetThrottle] Pattern for throttle offset not found.
[6/19/2025 2:17:50 AM](Error): [SetBrakes] Pattern for brake offset not found.
[6/19/2025 2:17:50 AM](Error): [SetSteerAngle] Steer angle pattern not found.
[6/19/2025 2:17:50 AM](Error): [SetThrottle] Pattern for throttle offset not found.
[6/19/2025 2:17:50 AM](Error): [SetBrakes] Pattern for brake offset not found.
[6/19/2025 2:17:50 AM](Error): [SetSteerAngle] Steer angle pattern not found.
[6/19/2025 2:17:50 AM](Error): [SetThrottle] Pattern for throttle offset not found.
[6/19/2025 2:17:50 AM](Error): [SetBrakes] Pattern for brake offset not found.
[6/19/2025 2:17:50 AM](Error): [SetSteerAngle] Steer angle pattern not found.
[6/19/2025 2:17:50 AM](Error): [SetThrottle] Pattern for throttle offset not found.
[6/19/2025 2:17:50 AM](Error): [SetBrakes] Pattern for brake offset not found.
[6/19/2025 2:17:50 AM](Error): [SetSteerAngle] Steer angle pattern not found.
[6/19/2025 2:17:50 AM](Error): [SetThrottle] Pattern for throttle offset not found.
[6/19/2025 2:17:50 AM](Error): [SetBrakes] Pattern for brake offset not found.
[6/19/2025 2:17:50 AM](Error): [SetSteerAngle] Steer angle pattern not found.
[6/19/2025 2:17:50 AM](Error): [SetThrottle] Pattern for throttle offset not found.
[6/19/2025 2:17:51 AM](Error): [SetBrakes] Pattern for brake offset not found.
[6/19/2025 2:17:51 AM](Error): [SetSteerAngle] Steer angle pattern not found.
[6/19/2025 2:17:51 AM](Error): [SetThrottle] Pattern for throttle offset not found.
[6/19/2025 2:17:51 AM](Error): [SetBrakes] Pattern for brake offset not found.
[6/19/2025 2:17:51 AM](Error): [SetSteerAngle] Steer angle pattern not found.
[6/19/2025 2:17:51 AM](Error): [SetThrottle] Pattern for throttle offset not found.
[6/19/2025 2:17:51 AM](Error): [SetBrakes] Pattern for brake offset not found.
[6/19/2025 2:17:51 AM](Error): [SetSteerAngle] Steer angle pattern not found.
[6/19/2025 2:17:51 AM](Error): [SetThrottle] Pattern for throttle offset not found.
[6/19/2025 2:17:51 AM](Error): [SetBrakes] Pattern for brake offset not found.
[6/19/2025 2:17:51 AM](Error): [SetSteerAngle] Steer angle pattern not found.
[6/19/2025 2:17:51 AM](Error): [SetThrottle] Pattern for throttle offset not found.
[6/19/2025 2:17:51 AM](Error): [SetBrakes] Pattern for brake offset not found.
[6/19/2025 2:17:51 AM](Error): [SetSteerAngle] Steer angle pattern not found.
[6/19/2025 2:17:51 AM](Error): [SetThrottle] Pattern for throttle offset not found.
[6/19/2025 2:17:51 AM](Error): [SetBrakes] Pattern for brake offset not found.
[6/19/2025 2:17:51 AM](Error): [SetSteerAngle] Steer angle pattern not found.
[6/19/2025 2:17:52 AM](Error): [SetThrottle] Pattern for throttle offset not found.
[6/19/2025 2:17:52 AM](Error): [SetBrakes] Pattern for brake offset not found.
[6/19/2025 2:17:52 AM](Error): [SetSteerAngle] Steer angle pattern not found.
[6/19/2025 2:17:52 AM](Error): [SetThrottle] Pattern for throttle offset not found.
[6/19/2025 2:17:52 AM](Error): [SetBrakes] Pattern for brake offset not found.
[6/19/2025 2:17:52 AM](Error): [SetSteerAngle] Steer angle pattern not found.
[6/19/2025 2:17:52 AM](Error): [SetThrottle] Pattern for throttle offset not found.
[6/19/2025 2:17:52 AM](Error): [SetBrakes] Pattern for brake offset not found.
[6/19/2025 2:17:52 AM](Error): [SetSteerAngle] Steer angle pattern not found.
[6/19/2025 2:17:52 AM](Error): [SetThrottle] Pattern for throttle offset not found.
[6/19/2025 2:17:52 AM](Error): [SetBrakes] Pattern for brake offset not found.
[6/19/2025 2:17:52 AM](Error): [SetSteerAngle] Steer angle pattern not found.
[6/19/2025 2:17:52 AM](Error): [SetThrottle] Pattern for throttle offset not found.
[6/19/2025 2:17:52 AM](Error): [SetBrakes] Pattern for brake offset not found.
[6/19/2025 2:17:52 AM](Error): [SetSteerAngle] Steer angle pattern not found.
[6/19/2025 2:17:52 AM](Error): [SetThrottle] Pattern for throttle offset not found.
[6/19/2025 2:17:53 AM](Error): [SetBrakes] Pattern for brake offset not found.
[6/19/2025 2:17:53 AM](Error): [SetSteerAngle] Steer angle pattern not found.
[6/19/2025 2:17:53 AM](Error): [SetThrottle] Pattern for throttle offset not found.
[6/19/2025 2:17:53 AM](Error): [SetBrakes] Pattern for brake offset not found.
[6/19/2025 2:17:53 AM](Error): [SetSteerAngle] Steer angle pattern not found.
[6/19/2025 2:17:53 AM](Error): [SetThrottle] Pattern for throttle offset not found.
[6/19/2025 2:17:53 AM](Error): [SetBrakes] Pattern for brake offset not found.
[6/19/2025 2:17:53 AM](Error): [SetSteerAngle] Steer angle pattern not found.
[6/19/2025 2:17:53 AM](Error): [SetThrottle] Pattern for throttle offset not found.
[6/19/2025 2:17:53 AM](Error): [SetBrakes] Pattern for brake offset not found.
[6/19/2025 2:17:53 AM](Error): [SetSteerAngle] Steer angle pattern not found.
[6/19/2025 2:17:53 AM](Error): [SetThrottle] Pattern for throttle offset not found.
[6/19/2025 2:17:53 AM](Error): [SetBrakes] Pattern for brake offset not found.
[6/19/2025 2:17:53 AM](Error): [SetSteerAngle] Steer angle pattern not found.
[6/19/2025 2:17:53 AM](Error): [SetThrottle] Pattern for throttle offset not found.
[6/19/2025 2:17:53 AM](Error): [SetBrakes] Pattern for brake offset not found.
[6/19/2025 2:17:53 AM](Error): [SetSteerAngle] Steer angle pattern not found.
[6/19/2025 2:17:54 AM](Error): [SetThrottle] Pattern for throttle offset not found.
[6/19/2025 2:17:54 AM](Error): [SetBrakes] Pattern for brake offset not found.
[6/19/2025 2:17:54 AM](Error): [SetSteerAngle] Steer angle pattern not found.
[6/19/2025 2:17:54 AM](Error): [SetThrottle] Pattern for throttle offset not found.
[6/19/2025 2:17:54 AM](Error): [SetBrakes] Pattern for brake offset not found.
[6/19/2025 2:17:54 AM](Error): [SetSteerAngle] Steer angle pattern not found.
[6/19/2025 2:17:54 AM](Error): [SetThrottle] Pattern for throttle offset not found.
[6/19/2025 2:17:54 AM](Error): [SetBrakes] Pattern for brake offset not found.
[6/19/2025 2:17:54 AM](Error): [SetSteerAngle] Steer angle pattern not found.
[6/19/2025 2:17:54 AM](Error): [SetThrottle] Pattern for throttle offset not found.
[6/19/2025 2:17:54 AM](Error): [SetBrakes] Pattern for brake offset not found.
[6/19/2025 2:17:54 AM](Error): [SetSteerAngle] Steer angle pattern not found.
[6/19/2025 2:17:54 AM](Error): [SetThrottle] Pattern for throttle offset not found.
[6/19/2025 2:17:54 AM](Error): [SetBrakes] Pattern for brake offset not found.
[6/19/2025 2:17:54 AM](Error): [SetSteerAngle] Steer angle pattern not found.
[6/19/2025 2:17:54 AM](Error): [SetThrottle] Pattern for throttle offset not found.
[6/19/2025 2:17:55 AM](Error): [SetBrakes] Pattern for brake offset not found.
[6/19/2025 2:17:55 AM](Error): [SetSteerAngle] Steer angle pattern not found.
[6/19/2025 2:17:55 AM](Error): [SetThrottle] Pattern for throttle offset not found.
[6/19/2025 2:17:55 AM](Error): [SetBrakes] Pattern for brake offset not found.
[6/19/2025 2:17:55 AM](Error): [SetSteerAngle] Steer angle pattern not found.
[6/19/2025 2:17:55 AM](Error): [SetThrottle] Pattern for throttle offset not found.
[6/19/2025 2:17:55 AM](Error): [SetBrakes] Pattern for brake offset not found.
[6/19/2025 2:17:55 AM](Error): [SetSteerAngle] Steer angle pattern not found.
[6/19/2025 2:17:55 AM](Error): [SetThrottle] Pattern for throttle offset not found.
[6/19/2025 2:17:55 AM](Error): [SetBrakes] Pattern for brake offset not found.
[6/19/2025 2:17:55 AM](Error): [SetSteerAngle] Steer angle pattern not found.
[6/19/2025 2:17:55 AM](Error): [SetThrottle] Pattern for throttle offset not found.
[6/19/2025 2:17:55 AM](Error): [SetBrakes] Pattern for brake offset not found.
[6/19/2025 2:17:55 AM](Error): [SetSteerAngle] Steer angle pattern not found.
[6/19/2025 2:17:55 AM](Error): [SetThrottle] Pattern for throttle offset not found.
[6/19/2025 2:17:55 AM](Error): [SetBrakes] Pattern for brake offset not found.
[6/19/2025 2:17:55 AM](Error): [SetSteerAngle] Steer angle pattern not found.
[6/19/2025 2:17:56 AM](Error): [SetThrottle] Pattern for throttle offset not found.
[6/19/2025 2:17:56 AM](Error): [SetBrakes] Pattern for brake offset not found.
[6/19/2025 2:17:56 AM](Error): [SetSteerAngle] Steer angle pattern not found.
[6/19/2025 2:17:56 AM](Error): [SetThrottle] Pattern for throttle offset not found.
[6/19/2025 2:17:56 AM](Error): [SetBrakes] Pattern for brake offset not found.
[6/19/2025 2:17:56 AM](Error): [SetSteerAngle] Steer angle pattern not found.
[6/19/2025 2:17:56 AM](Error): [SetThrottle] Pattern for throttle offset not found.
[6/19/2025 2:17:56 AM](Error): [SetBrakes] Pattern for brake offset not found.
[6/19/2025 2:17:56 AM](Error): [SetSteerAngle] Steer angle pattern not found.
[6/19/2025 2:17:56 AM](Error): [SetThrottle] Pattern for throttle offset not found.
[6/19/2025 2:17:56 AM](Error): [SetBrakes] Pattern for brake offset not found.
[6/19/2025 2:17:56 AM](Error): [SetSteerAngle] Steer angle pattern not found.
[6/19/2025 2:17:56 AM](Error): [SetThrottle] Pattern for throttle offset not found.
[6/19/2025 2:17:56 AM](Error): [SetBrakes] Pattern for brake offset not found.
[6/19/2025 2:17:56 AM](Error): [SetSteerAngle] Steer angle pattern not found.
[6/19/2025 2:17:56 AM](Error): [SetThrottle] Pattern for throttle offset not found.
[6/19/2025 2:17:57 AM](Error): [SetBrakes] Pattern for brake offset not found.
[6/19/2025 2:17:57 AM](Error): [SetSteerAngle] Steer angle pattern not found.
[6/19/2025 2:17:57 AM](Error): [SetThrottle] Pattern for throttle offset not found.
[6/19/2025 2:17:57 AM](Error): [SetBrakes] Pattern for brake offset not found.
[6/19/2025 2:17:57 AM](Error): [SetSteerAngle] Steer angle pattern not found.
[6/19/2025 2:17:57 AM](Error): [SetThrottle] Pattern for throttle offset not found.
[6/19/2025 2:17:57 AM](Error): [SetBrakes] Pattern for brake offset not found.
[6/19/2025 2:17:57 AM](Error): [SetSteerAngle] Steer angle pattern not found.
[6/19/2025 2:17:57 AM](Error): [SetThrottle] Pattern for throttle offset not found.
[6/19/2025 2:17:57 AM](Error): [SetBrakes] Pattern for brake offset not found.
[6/19/2025 2:17:57 AM](Error): [SetSteerAngle] Steer angle pattern not found.
[6/19/2025 2:17:57 AM](Error): [SetThrottle] Pattern for throttle offset not found.
[6/19/2025 2:17:57 AM](Error): [SetBrakes] Pattern for brake offset not found.
[6/19/2025 2:17:57 AM](Error): [SetSteerAngle] Steer angle pattern not found.
[6/19/2025 2:17:57 AM](Error): [SetThrottle] Pattern for throttle offset not found.
[6/19/2025 2:17:57 AM](Error): [SetBrakes] Pattern for brake offset not found.
[6/19/2025 2:17:57 AM](Error): [SetSteerAngle] Steer angle pattern not found.
[6/19/2025 2:17:58 AM](Error): [SetThrottle] Pattern for throttle offset not found.
[6/19/2025 2:17:58 AM](Error): [SetBrakes] Pattern for brake offset not found.
[6/19/2025 2:17:58 AM](Error): [SetSteerAngle] Steer angle pattern not found.
[6/19/2025 2:17:58 AM](Error): [SetThrottle] Pattern for throttle offset not found.
[6/19/2025 2:17:58 AM](Error): [SetBrakes] Pattern for brake offset not found.
[6/19/2025 2:17:58 AM](Error): [SetSteerAngle] Steer angle pattern not found.
[6/19/2025 2:17:58 AM](Error): [SetThrottle] Pattern for throttle offset not found.
[6/19/2025 2:17:58 AM](Error): [SetBrakes] Pattern for brake offset not found.
[6/19/2025 2:17:58 AM](Error): [SetSteerAngle] Steer angle pattern not found.
[6/19/2025 2:17:58 AM](Error): [SetThrottle] Pattern for throttle offset not found.
[6/19/2025 2:17:58 AM](Error): [SetBrakes] Pattern for brake offset not found.
[6/19/2025 2:17:58 AM](Error): [SetSteerAngle] Steer angle pattern not found.
[6/19/2025 2:17:58 AM](Error): [SetThrottle] Pattern for throttle offset not found.
[6/19/2025 2:17:58 AM](Error): [SetBrakes] Pattern for brake offset not found.
[6/19/2025 2:17:58 AM](Error): [SetSteerAngle] Steer angle pattern not found.
[6/19/2025 2:17:58 AM](Error): [SetThrottle] Pattern for throttle offset not found.
[6/19/2025 2:17:59 AM](Error): [SetBrakes] Pattern for brake offset not found.
[6/19/2025 2:17:59 AM](Error): [SetSteerAngle] Steer angle pattern not found.
[6/19/2025 2:17:59 AM](Error): [SetThrottle] Pattern for throttle offset not found.
[6/19/2025 2:17:59 AM](Error): [SetBrakes] Pattern for brake offset not found.
[6/19/2025 2:17:59 AM](Error): [SetSteerAngle] Steer angle pattern not found.
[6/19/2025 2:17:59 AM](Error): [SetThrottle] Pattern for throttle offset not found.
[6/19/2025 2:17:59 AM](Error): [SetBrakes] Pattern for brake offset not found.
[6/19/2025 2:17:59 AM](Error): [SetSteerAngle] Steer angle pattern not found.
[6/19/2025 2:17:59 AM](Error): [SetThrottle] Pattern for throttle offset not found.
[6/19/2025 2:17:59 AM](Error): [SetBrakes] Pattern for brake offset not found.
[6/19/2025 2:17:59 AM](Error): [SetSteerAngle] Steer angle pattern not found.
[6/19/2025 2:17:59 AM](Error): [SetThrottle] Pattern for throttle offset not found.
[6/19/2025 2:17:59 AM](Error): [SetBrakes] Pattern for brake offset not found.
[6/19/2025 2:17:59 AM](Error): [SetSteerAngle] Steer angle pattern not found.
[6/19/2025 2:17:59 AM](Error): [SetThrottle] Pattern for throttle offset not found.
[6/19/2025 2:17:59 AM](Error): [SetBrakes] Pattern for brake offset not found.
[6/19/2025 2:17:59 AM](Error): [SetSteerAngle] Steer angle pattern not found.
[6/19/2025 2:18:00 AM](Error): [SetThrottle] Pattern for throttle offset not found.
[6/19/2025 2:18:00 AM](Error): [SetBrakes] Pattern for brake offset not found.
[6/19/2025 2:18:00 AM](Error): [SetSteerAngle] Steer angle pattern not found.
[6/19/2025 2:18:00 AM](Error): [SetThrottle] Pattern for throttle offset not found.
[6/19/2025 2:18:00 AM](Error): [SetBrakes] Pattern for brake offset not found.
[6/19/2025 2:18:00 AM](Error): [SetSteerAngle] Steer angle pattern not found.
[6/19/2025 2:18:00 AM](Error): [SetThrottle] Pattern for throttle offset not found.
[6/19/2025 2:18:00 AM](Error): [SetBrakes] Pattern for brake offset not found.
[6/19/2025 2:18:00 AM](Error): [SetSteerAngle] Steer angle pattern not found.
[6/19/2025 2:18:00 AM](Error): [SetThrottle] Pattern for throttle offset not found.
[6/19/2025 2:18:00 AM](Error): [SetBrakes] Pattern for brake offset not found.
[6/19/2025 2:18:00 AM](Error): [SetSteerAngle] Steer angle pattern not found.
[6/19/2025 2:18:00 AM](Error): [SetThrottle] Pattern for throttle offset not found.
[6/19/2025 2:18:00 AM](Error): [SetBrakes] Pattern for brake offset not found.
[6/19/2025 2:18:00 AM](Error): [SetSteerAngle] Steer angle pattern not found.
[6/19/2025 2:18:00 AM](Error): [SetThrottle] Pattern for throttle offset not found.
[6/19/2025 2:18:01 AM](Error): [SetBrakes] Pattern for brake offset not found.
[6/19/2025 2:18:01 AM](Error): [SetSteerAngle] Steer angle pattern not found.
[6/19/2025 2:18:01 AM](Error): [SetThrottle] Pattern for throttle offset not found.
[6/19/2025 2:18:01 AM](Error): [SetBrakes] Pattern for brake offset not found.
[6/19/2025 2:18:01 AM](Error): [SetSteerAngle] Steer angle pattern not found.
[6/19/2025 2:18:01 AM](Error): [SetThrottle] Pattern for throttle offset not found.
[6/19/2025 2:18:01 AM](Error): [SetBrakes] Pattern for brake offset not found.
[6/19/2025 2:18:01 AM](Error): [SetSteerAngle] Steer angle pattern not found.
[6/19/2025 2:18:01 AM](Error): [SetThrottle] Pattern for throttle offset not found.
[6/19/2025 2:18:01 AM](Error): [SetBrakes] Pattern for brake offset not found.
[6/19/2025 2:18:01 AM](Error): [SetSteerAngle] Steer angle pattern not found.
[6/19/2025 2:18:01 AM](Error): [SetThrottle] Pattern for throttle offset not found.
[6/19/2025 2:18:01 AM](Error): [SetBrakes] Pattern for brake offset not found.
[6/19/2025 2:18:01 AM](Error): [SetSteerAngle] Steer angle pattern not found.
[6/19/2025 2:18:01 AM](Error): [SetThrottle] Pattern for throttle offset not found.
[6/19/2025 2:18:01 AM](Error): [SetBrakes] Pattern for brake offset not found.
[6/19/2025 2:18:01 AM](Error): [SetSteerAngle] Steer angle pattern not found.
[6/19/2025 2:18:02 AM](Error): [SetThrottle] Pattern for throttle offset not found.
[6/19/2025 2:18:02 AM](Error): [SetBrakes] Pattern for brake offset not found.
[6/19/2025 2:18:02 AM](Error): [SetSteerAngle] Steer angle pattern not found.
[6/19/2025 2:18:02 AM](Error): [SetThrottle] Pattern for throttle offset not found.
[6/19/2025 2:18:02 AM](Error): [SetBrakes] Pattern for brake offset not found.
[6/19/2025 2:18:02 AM](Error): [SetSteerAngle] Steer angle pattern not found.
[6/19/2025 2:18:02 AM](Error): [SetThrottle] Pattern for throttle offset not found.
[6/19/2025 2:18:02 AM](Error): [SetBrakes] Pattern for brake offset not found.
[6/19/2025 2:18:02 AM](Error): [SetSteerAngle] Steer angle pattern not found.
[6/19/2025 2:18:02 AM](Error): [SetThrottle] Pattern for throttle offset not found.
[6/19/2025 2:18:02 AM](Error): [SetBrakes] Pattern for brake offset not found.
[6/19/2025 2:18:02 AM](Error): [SetSteerAngle] Steer angle pattern not found.
[6/19/2025 2:18:02 AM](Error): [SetThrottle] Pattern for throttle offset not found.
[6/19/2025 2:18:02 AM](Error): [SetBrakes] Pattern for brake offset not found.
[6/19/2025 2:18:02 AM](Error): [SetSteerAngle] Steer angle pattern not found.
[6/19/2025 2:18:02 AM](Error): [SetThrottle] Pattern for throttle offset not found.
[6/19/2025 2:18:02 AM](Error): [SetBrakes] Pattern for brake offset not found.
[6/19/2025 2:18:03 AM](Error): [SetSteerAngle] Steer angle pattern not found.
[6/19/2025 2:18:03 AM](Error): [SetThrottle] Pattern for throttle offset not found.
[6/19/2025 2:18:03 AM](Error): [SetBrakes] Pattern for brake offset not found.
[6/19/2025 2:18:03 AM](Error): [SetSteerAngle] Steer angle pattern not found.
[6/19/2025 2:18:03 AM](Error): [SetThrottle] Pattern for throttle offset not found.
[6/19/2025 2:18:03 AM](Error): [SetBrakes] Pattern for brake offset not found.
[6/19/2025 2:18:03 AM](Error): [SetSteerAngle] Steer angle pattern not found.
[6/19/2025 2:18:03 AM](Error): [SetThrottle] Pattern for throttle offset not found.
[6/19/2025 2:18:03 AM](Error): [SetBrakes] Pattern for brake offset not found.
[6/19/2025 2:18:03 AM](Error): [SetSteerAngle] Steer angle pattern not found.
[6/19/2025 2:18:03 AM](Error): [SetThrottle] Pattern for throttle offset not found.
[6/19/2025 2:18:03 AM](Error): [SetBrakes] Pattern for brake offset not found.
[6/19/2025 2:18:03 AM](Error): [SetSteerAngle] Steer angle pattern not found.
[6/19/2025 2:18:03 AM](Error): [SetThrottle] Pattern for throttle offset not found.
[6/19/2025 2:18:03 AM](Error): [SetBrakes] Pattern for brake offset not found.
[6/19/2025 2:18:03 AM](Error): [SetSteerAngle] Steer angle pattern not found.
[6/19/2025 2:18:03 AM](Error): [SetThrottle] Pattern for throttle offset not found.
[6/19/2025 2:18:04 AM](Error): [SetBrakes] Pattern for brake offset not found.
[6/19/2025 2:18:04 AM](Error): [SetSteerAngle] Steer angle pattern not found.
[6/19/2025 2:18:04 AM](Error): [SetThrottle] Pattern for throttle offset not found.
[6/19/2025 2:18:04 AM](Error): [SetBrakes] Pattern for brake offset not found.
[6/19/2025 2:18:04 AM](Error): [SetSteerAngle] Steer angle pattern not found.
[6/19/2025 2:18:04 AM](Error): [SetThrottle] Pattern for throttle offset not found.
[6/19/2025 2:18:04 AM](Error): [SetBrakes] Pattern for brake offset not found.
[6/19/2025 2:18:04 AM](Error): [SetSteerAngle] Steer angle pattern not found.
[6/19/2025 2:18:04 AM](Error): [SetThrottle] Pattern for throttle offset not found.
[6/19/2025 2:18:04 AM](Error): [SetBrakes] Pattern for brake offset not found.
[6/19/2025 2:18:04 AM](Error): [SetSteerAngle] Steer angle pattern not found.
[6/19/2025 2:18:04 AM](Error): [SetThrottle] Pattern for throttle offset not found.
[6/19/2025 2:18:04 AM](Error): [SetBrakes] Pattern for brake offset not found.
[6/19/2025 2:18:04 AM](Error): [SetSteerAngle] Steer angle pattern not found.
[6/19/2025 2:18:04 AM](Error): [SetThrottle] Pattern for throttle offset not found.
[6/19/2025 2:18:04 AM](Error): [SetBrakes] Pattern for brake offset not found.
[6/19/2025 2:18:04 AM](Error): [SetSteerAngle] Steer angle pattern not found.
[6/19/2025 2:18:05 AM](Error): [SetThrottle] Pattern for throttle offset not found.
[6/19/2025 2:18:05 AM](Error): [SetBrakes] Pattern for brake offset not found.
[6/19/2025 2:18:05 AM](Error): [SetSteerAngle] Steer angle pattern not found.
[6/19/2025 2:18:05 AM](Error): [SetThrottle] Pattern for throttle offset not found.
[6/19/2025 2:18:05 AM](Error): [SetBrakes] Pattern for brake offset not found.
[6/19/2025 2:18:05 AM](Error): [SetSteerAngle] Steer angle pattern not found.
[6/19/2025 2:18:05 AM](Error): [SetThrottle] Pattern for throttle offset not found.
[6/19/2025 2:18:05 AM](Error): [SetBrakes] Pattern for brake offset not found.
[6/19/2025 2:18:05 AM](Error): [SetSteerAngle] Steer angle pattern not found.
[6/19/2025 2:18:05 AM](Error): [SetThrottle] Pattern for throttle offset not found.
[6/19/2025 2:18:05 AM](Error): [SetBrakes] Pattern for brake offset not found.
[6/19/2025 2:18:05 AM](Error): [SetSteerAngle] Steer angle pattern not found.
[6/19/2025 2:18:05 AM](Error): [SetThrottle] Pattern for throttle offset not found.
[6/19/2025 2:18:05 AM](Error): [SetBrakes] Pattern for brake offset not found.
[6/19/2025 2:18:05 AM](Error): [SetSteerAngle] Steer angle pattern not found.
[6/19/2025 2:18:05 AM](Error): [SetThrottle] Pattern for throttle offset not found.
[6/19/2025 2:18:06 AM](Error): [SetBrakes] Pattern for brake offset not found.
[6/19/2025 2:18:06 AM](Error): [SetSteerAngle] Steer angle pattern not found.
[6/19/2025 2:18:06 AM](Error): [SetThrottle] Pattern for throttle offset not found.
[6/19/2025 2:18:06 AM](Error): [SetBrakes] Pattern for brake offset not found.
[6/19/2025 2:18:06 AM](Error): [SetSteerAngle] Steer angle pattern not found.
[6/19/2025 2:18:06 AM](Error): [SetThrottle] Pattern for throttle offset not found.
[6/19/2025 2:18:06 AM](Error): [SetBrakes] Pattern for brake offset not found.
[6/19/2025 2:18:06 AM](Error): [SetSteerAngle] Steer angle pattern not found.
[6/19/2025 2:18:06 AM](Error): [SetThrottle] Pattern for throttle offset not found.
[6/19/2025 2:18:06 AM](Error): [SetBrakes] Pattern for brake offset not found.
[6/19/2025 2:18:06 AM](Error): [SetSteerAngle] Steer angle pattern not found.
[6/19/2025 2:18:06 AM](Error): [SetThrottle] Pattern for throttle offset not found.
[6/19/2025 2:18:06 AM](Error): [SetBrakes] Pattern for brake offset not found.
[6/19/2025 2:18:06 AM](Error): [SetSteerAngle] Steer angle pattern not found.
[6/19/2025 2:18:06 AM](Error): [SetThrottle] Pattern for throttle offset not found.
[6/19/2025 2:18:06 AM](Error): [SetBrakes] Pattern for brake offset not found.
[6/19/2025 2:18:06 AM](Error): [SetSteerAngle] Steer angle pattern not found.
[6/19/2025 2:18:07 AM](Error): [SetThrottle] Pattern for throttle offset not found.
[6/19/2025 2:18:07 AM](Error): [SetBrakes] Pattern for brake offset not found.
[6/19/2025 2:18:07 AM](Error): [SetSteerAngle] Steer angle pattern not found.
[6/19/2025 2:18:07 AM](Error): [SetThrottle] Pattern for throttle offset not found.
[6/19/2025 2:18:07 AM](Error): [SetBrakes] Pattern for brake offset not found.
[6/19/2025 2:18:07 AM](Error): [SetSteerAngle] Steer angle pattern not found.
[6/19/2025 2:18:07 AM](Error): [SetThrottle] Pattern for throttle offset not found.
[6/19/2025 2:18:07 AM](Error): [SetBrakes] Pattern for brake offset not found.
[6/19/2025 2:18:07 AM](Error): [SetSteerAngle] Steer angle pattern not found.
[6/19/2025 2:18:07 AM](Error): [SetThrottle] Pattern for throttle offset not found.
[6/19/2025 2:18:07 AM](Error): [SetBrakes] Pattern for brake offset not found.
[6/19/2025 2:18:07 AM](Error): [SetSteerAngle] Steer angle pattern not found.
[6/19/2025 2:18:07 AM](Error): [SetThrottle] Pattern for throttle offset not found.
[6/19/2025 2:18:07 AM](Error): [SetBrakes] Pattern for brake offset not found.
[6/19/2025 2:18:07 AM](Error): [SetSteerAngle] Steer angle pattern not found.
[6/19/2025 2:18:07 AM](Error): [SetThrottle] Pattern for throttle offset not found.
[6/19/2025 2:18:07 AM](Error): [SetBrakes] Pattern for brake offset not found.
[6/19/2025 2:18:08 AM](Error): [SetSteerAngle] Steer angle pattern not found.
[6/19/2025 2:18:08 AM](Error): [SetThrottle] Pattern for throttle offset not found.
[6/19/2025 2:18:08 AM](Error): [SetBrakes] Pattern for brake offset not found.
[6/19/2025 2:18:08 AM](Error): [SetSteerAngle] Steer angle pattern not found.
[6/19/2025 2:18:08 AM](Error): [SetThrottle] Pattern for throttle offset not found.
[6/19/2025 2:18:08 AM](Error): [SetBrakes] Pattern for brake offset not found.
[6/19/2025 2:18:08 AM](Error): [SetSteerAngle] Steer angle pattern not found.
[6/19/2025 2:18:08 AM](Error): [SetThrottle] Pattern for throttle offset not found.
[6/19/2025 2:18:08 AM](Error): [SetBrakes] Pattern for brake offset not found.
[6/19/2025 2:18:08 AM](Error): [SetSteerAngle] Steer angle pattern not found.
[6/19/2025 2:18:08 AM](Error): [SetThrottle] Pattern for throttle offset not found.
[6/19/2025 2:18:08 AM](Error): [SetBrakes] Pattern for brake offset not found.
[6/19/2025 2:18:08 AM](Error): [SetSteerAngle] Steer angle pattern not found.
[6/19/2025 2:18:08 AM](Error): [SetThrottle] Pattern for throttle offset not found.
[6/19/2025 2:18:08 AM](Error): [SetBrakes] Pattern for brake offset not found.
[6/19/2025 2:18:08 AM](Error): [SetSteerAngle] Steer angle pattern not found.
[6/19/2025 2:18:09 AM](Error): [SetThrottle] Pattern for throttle offset not found.
[6/19/2025 2:18:09 AM](Error): [SetBrakes] Pattern for brake offset not found.
[6/19/2025 2:18:09 AM](Error): [SetSteerAngle] Steer angle pattern not found.
[6/19/2025 2:18:09 AM](Error): [SetThrottle] Pattern for throttle offset not found.
[6/19/2025 2:18:09 AM](Error): [SetBrakes] Pattern for brake offset not found.
[6/19/2025 2:18:09 AM](Error): [SetSteerAngle] Steer angle pattern not found.
[6/19/2025 2:18:09 AM](Error): [SetThrottle] Pattern for throttle offset not found.
[6/19/2025 2:18:09 AM](Error): [SetBrakes] Pattern for brake offset not found.
[6/19/2025 2:18:09 AM](Error): [SetSteerAngle] Steer angle pattern not found.
[6/19/2025 2:18:09 AM](Error): [SetThrottle] Pattern for throttle offset not found.
[6/19/2025 2:18:09 AM](Error): [SetBrakes] Pattern for brake offset not found.
[6/19/2025 2:18:09 AM](Error): [SetSteerAngle] Steer angle pattern not found.
[6/19/2025 2:18:09 AM](Error): [SetThrottle] Pattern for throttle offset not found.
[6/19/2025 2:18:09 AM](Error): [SetBrakes] Pattern for brake offset not found.
[6/19/2025 2:18:09 AM](Error): [SetSteerAngle] Steer angle pattern not found.
[6/19/2025 2:18:09 AM](Error): [SetThrottle] Pattern for throttle offset not found.
[6/19/2025 2:18:09 AM](Error): [SetBrakes] Pattern for brake offset not found.
[6/19/2025 2:18:10 AM](Error): [SetSteerAngle] Steer angle pattern not found.
[6/19/2025 2:18:10 AM](Error): [SetThrottle] Pattern for throttle offset not found.
[6/19/2025 2:18:10 AM](Error): [SetBrakes] Pattern for brake offset not found.
[6/19/2025 2:18:10 AM](Error): [SetSteerAngle] Steer angle pattern not found.
[6/19/2025 2:18:10 AM](Error): [SetThrottle] Pattern for throttle offset not found.
[6/19/2025 2:18:10 AM](Error): [SetBrakes] Pattern for brake offset not found.
[6/19/2025 2:18:10 AM](Error): [SetSteerAngle] Steer angle pattern not found.
[6/19/2025 2:18:10 AM](Error): [SetThrottle] Pattern for throttle offset not found.
[6/19/2025 2:18:10 AM](Error): [SetBrakes] Pattern for brake offset not found.
[6/19/2025 2:18:10 AM](Error): [SetSteerAngle] Steer angle pattern not found.
[6/19/2025 2:18:10 AM](Error): [SetThrottle] Pattern for throttle offset not found.
[6/19/2025 2:18:10 AM](Error): [SetBrakes] Pattern for brake offset not found.
[6/19/2025 2:18:10 AM](Error): [SetSteerAngle] Steer angle pattern not found.
[6/19/2025 2:18:10 AM](Error): [SetThrottle] Pattern for throttle offset not found.
[6/19/2025 2:18:10 AM](Error): [SetBrakes] Pattern for brake offset not found.
[6/19/2025 2:18:10 AM](Error): [SetSteerAngle] Steer angle pattern not found.
[6/19/2025 2:18:10 AM](Error): [SetThrottle] Pattern for throttle offset not found.
[6/19/2025 2:18:11 AM](Error): [SetBrakes] Pattern for brake offset not found.
[6/19/2025 2:18:11 AM](Error): [SetSteerAngle] Steer angle pattern not found.
[6/19/2025 2:18:11 AM](Error): [SetThrottle] Pattern for throttle offset not found.
[6/19/2025 2:18:11 AM](Error): [SetBrakes] Pattern for brake offset not found.
[6/19/2025 2:18:11 AM](Error): [SetSteerAngle] Steer angle pattern not found.
[6/19/2025 2:18:11 AM](Error): [SetThrottle] Pattern for throttle offset not found.
[6/19/2025 2:18:11 AM](Error): [SetBrakes] Pattern for brake offset not found.
[6/19/2025 2:18:11 AM](Error): [SetSteerAngle] Steer angle pattern not found.
[6/19/2025 2:18:11 AM](Error): [SetThrottle] Pattern for throttle offset not found.
[6/19/2025 2:18:11 AM](Error): [SetBrakes] Pattern for brake offset not found.
[6/19/2025 2:18:11 AM](Error): [SetSteerAngle] Steer angle pattern not found.
[6/19/2025 2:18:11 AM](Error): [SetThrottle] Pattern for throttle offset not found.
[6/19/2025 2:18:11 AM](Error): [SetBrakes] Pattern for brake offset not found.
[6/19/2025 2:18:11 AM](Error): [SetSteerAngle] Steer angle pattern not found.
[6/19/2025 2:18:11 AM](Error): [SetThrottle] Pattern for throttle offset not found.
[6/19/2025 2:18:11 AM](Error): [SetBrakes] Pattern for brake offset not found.
[6/19/2025 2:18:11 AM](Error): [SetSteerAngle] Steer angle pattern not found.
[6/19/2025 2:18:12 AM](Error): [SetThrottle] Pattern for throttle offset not found.
[6/19/2025 2:18:12 AM](Error): [SetBrakes] Pattern for brake offset not found.
[6/19/2025 2:18:12 AM](Error): [SetSteerAngle] Steer angle pattern not found.
[6/19/2025 2:18:12 AM](Error): [SetThrottle] Pattern for throttle offset not found.
[6/19/2025 2:18:12 AM](Error): [SetBrakes] Pattern for brake offset not found.
[6/19/2025 2:18:12 AM](Error): [SetSteerAngle] Steer angle pattern not found.
[6/19/2025 2:18:12 AM](Error): [SetThrottle] Pattern for throttle offset not found.
[6/19/2025 2:18:12 AM](Error): [SetBrakes] Pattern for brake offset not found.
[6/19/2025 2:18:12 AM](Error): [SetSteerAngle] Steer angle pattern not found.
[6/19/2025 2:18:12 AM](Error): [SetThrottle] Pattern for throttle offset not found.
[6/19/2025 2:18:12 AM](Error): [SetBrakes] Pattern for brake offset not found.
[6/19/2025 2:18:12 AM](Error): [SetSteerAngle] Steer angle pattern not found.
[6/19/2025 2:18:12 AM](Error): [SetThrottle] Pattern for throttle offset not found.
[6/19/2025 2:18:12 AM](Error): [SetBrakes] Pattern for brake offset not found.
[6/19/2025 2:18:12 AM](Error): [SetSteerAngle] Steer angle pattern not found.
[6/19/2025 2:18:12 AM](Error): [SetThrottle] Pattern for throttle offset not found.
[6/19/2025 2:18:12 AM](Error): [SetBrakes] Pattern for brake offset not found.
[6/19/2025 2:18:13 AM](Error): [SetSteerAngle] Steer angle pattern not found.
[6/19/2025 2:18:13 AM](Error): [SetThrottle] Pattern for throttle offset not found.
[6/19/2025 2:18:13 AM](Error): [SetBrakes] Pattern for brake offset not found.
[6/19/2025 2:18:13 AM](Error): [SetSteerAngle] Steer angle pattern not found.
[6/19/2025 2:18:13 AM](Error): [SetThrottle] Pattern for throttle offset not found.
[6/19/2025 2:18:13 AM](Error): [SetBrakes] Pattern for brake offset not found.
[6/19/2025 2:18:13 AM](Error): [SetSteerAngle] Steer angle pattern not found.
[6/19/2025 2:18:13 AM](Error): [SetThrottle] Pattern for throttle offset not found.
[6/19/2025 2:18:13 AM](Error): [SetBrakes] Pattern for brake offset not found.
[6/19/2025 2:18:13 AM](Error): [SetSteerAngle] Steer angle pattern not found.
[6/19/2025 2:18:13 AM](Error): [SetThrottle] Pattern for throttle offset not found.
[6/19/2025 2:18:13 AM](Error): [SetBrakes] Pattern for brake offset not found.
[6/19/2025 2:18:13 AM](Error): [SetSteerAngle] Steer angle pattern not found.
[6/19/2025 2:18:13 AM](Error): [SetThrottle] Pattern for throttle offset not found.
[6/19/2025 2:18:13 AM](Error): [SetBrakes] Pattern for brake offset not found.
[6/19/2025 2:18:13 AM](Error): [SetSteerAngle] Steer angle pattern not found.
[6/19/2025 2:18:13 AM](Error): [SetThrottle] Pattern for throttle offset not found.
[6/19/2025 2:18:14 AM](Error): [SetBrakes] Pattern for brake offset not found.
[6/19/2025 2:18:14 AM](Error): [SetSteerAngle] Steer angle pattern not found.
[6/19/2025 2:18:14 AM](Error): [SetThrottle] Pattern for throttle offset not found.
[6/19/2025 2:18:14 AM](Error): [SetBrakes] Pattern for brake offset not found.
[6/19/2025 2:18:14 AM](Error): [SetSteerAngle] Steer angle pattern not found.
[6/19/2025 2:18:14 AM](Error): [SetThrottle] Pattern for throttle offset not found.
[6/19/2025 2:18:14 AM](Error): [SetBrakes] Pattern for brake offset not found.
[6/19/2025 2:18:14 AM](Error): [SetSteerAngle] Steer angle pattern not found.
[6/19/2025 2:18:14 AM](Error): [SetThrottle] Pattern for throttle offset not found.
[6/19/2025 2:18:14 AM](Error): [SetBrakes] Pattern for brake offset not found.
[6/19/2025 2:18:14 AM](Error): [SetSteerAngle] Steer angle pattern not found.
[6/19/2025 2:18:14 AM](Error): [SetThrottle] Pattern for throttle offset not found.
[6/19/2025 2:18:14 AM](Error): [SetBrakes] Pattern for brake offset not found.
[6/19/2025 2:18:14 AM](Error): [SetSteerAngle] Steer angle pattern not found.
[6/19/2025 2:18:14 AM](Error): [SetThrottle] Pattern for throttle offset not found.
[6/19/2025 2:18:14 AM](Error): [SetBrakes] Pattern for brake offset not found.
[6/19/2025 2:18:14 AM](Error): [SetSteerAngle] Steer angle pattern not found.
[6/19/2025 2:18:15 AM](Error): [SetThrottle] Pattern for throttle offset not found.
[6/19/2025 2:18:15 AM](Error): [SetBrakes] Pattern for brake offset not found.
[6/19/2025 2:18:15 AM](Error): [SetSteerAngle] Steer angle pattern not found.
[6/19/2025 2:18:15 AM](Error): [SetThrottle] Pattern for throttle offset not found.
[6/19/2025 2:18:15 AM](Error): [SetBrakes] Pattern for brake offset not found.
[6/19/2025 2:18:15 AM](Error): [SetSteerAngle] Steer angle pattern not found.
[6/19/2025 2:18:15 AM](Error): [SetThrottle] Pattern for throttle offset not found.
[6/19/2025 2:18:15 AM](Error): [SetBrakes] Pattern for brake offset not found.
[6/19/2025 2:18:15 AM](Error): [SetSteerAngle] Steer angle pattern not found.
[6/19/2025 2:18:15 AM](Error): [SetThrottle] Pattern for throttle offset not found.
[6/19/2025 2:18:15 AM](Error): [SetBrakes] Pattern for brake offset not found.
[6/19/2025 2:18:15 AM](Error): [SetSteerAngle] Steer angle pattern not found.
[6/19/2025 2:18:15 AM](Error): [SetThrottle] Pattern for throttle offset not found.
[6/19/2025 2:18:15 AM](Error): [SetBrakes] Pattern for brake offset not found.
[6/19/2025 2:18:15 AM](Error): [SetSteerAngle] Steer angle pattern not found.
[6/19/2025 2:18:15 AM](Error): [SetThrottle] Pattern for throttle offset not found.
[6/19/2025 2:18:16 AM](Error): [SetBrakes] Pattern for brake offset not found.
[6/19/2025 2:18:16 AM](Error): [SetSteerAngle] Steer angle pattern not found.
[6/19/2025 2:18:16 AM](Error): [SetThrottle] Pattern for throttle offset not found.
[6/19/2025 2:18:16 AM](Error): [SetBrakes] Pattern for brake offset not found.
[6/19/2025 2:18:16 AM](Error): [SetSteerAngle] Steer angle pattern not found.
[6/19/2025 2:18:16 AM](Error): [SetThrottle] Pattern for throttle offset not found.
[6/19/2025 2:18:16 AM](Error): [SetBrakes] Pattern for brake offset not found.
[6/19/2025 2:18:16 AM](Error): [SetSteerAngle] Steer angle pattern not found.
[6/19/2025 2:18:16 AM](Error): [SetThrottle] Pattern for throttle offset not found.
[6/19/2025 2:18:16 AM](Error): [SetBrakes] Pattern for brake offset not found.
[6/19/2025 2:18:16 AM](Error): [SetSteerAngle] Steer angle pattern not found.
[6/19/2025 2:18:16 AM](Error): [SetThrottle] Pattern for throttle offset not found.
[6/19/2025 2:18:16 AM](Error): [SetBrakes] Pattern for brake offset not found.
[6/19/2025 2:18:16 AM](Error): [SetSteerAngle] Steer angle pattern not found.
[6/19/2025 2:18:16 AM](Error): [SetThrottle] Pattern for throttle offset not found.
[6/19/2025 2:18:16 AM](Error): [SetBrakes] Pattern for brake offset not found.
[6/19/2025 2:18:16 AM](Error): [SetSteerAngle] Steer angle pattern not found.
[6/19/2025 2:18:17 AM](Error): [SetThrottle] Pattern for throttle offset not found.
[6/19/2025 2:18:17 AM](Error): [SetBrakes] Pattern for brake offset not found.
[6/19/2025 2:18:17 AM](Error): [SetSteerAngle] Steer angle pattern not found.
[6/19/2025 2:18:17 AM](Error): [SetThrottle] Pattern for throttle offset not found.
[6/19/2025 2:18:17 AM](Error): [SetBrakes] Pattern for brake offset not found.
[6/19/2025 2:18:17 AM](Error): [SetSteerAngle] Steer angle pattern not found.
[6/19/2025 2:18:17 AM](Error): [SetThrottle] Pattern for throttle offset not found.
[6/19/2025 2:18:17 AM](Error): [SetBrakes] Pattern for brake offset not found.
[6/19/2025 2:18:17 AM](Error): [SetSteerAngle] Steer angle pattern not found.
[6/19/2025 2:18:17 AM](Error): [SetThrottle] Pattern for throttle offset not found.
[6/19/2025 2:18:17 AM](Error): [SetBrakes] Pattern for brake offset not found.
[6/19/2025 2:18:17 AM](Error): [SetSteerAngle] Steer angle pattern not found.
[6/19/2025 2:18:17 AM](Error): [SetThrottle] Pattern for throttle offset not found.
[6/19/2025 2:18:17 AM](Error): [SetBrakes] Pattern for brake offset not found.
[6/19/2025 2:18:17 AM](Error): [SetSteerAngle] Steer angle pattern not found.
[6/19/2025 2:18:17 AM](Error): [SetThrottle] Pattern for throttle offset not found.
[6/19/2025 2:18:17 AM](Error): [SetBrakes] Pattern for brake offset not found.
[6/19/2025 2:18:18 AM](Error): [SetSteerAngle] Steer angle pattern not found.
[6/19/2025 2:18:18 AM](Error): [SetThrottle] Pattern for throttle offset not found.
[6/19/2025 2:18:18 AM](Error): [SetBrakes] Pattern for brake offset not found.
[6/19/2025 2:18:18 AM](Error): [SetSteerAngle] Steer angle pattern not found.
[6/19/2025 2:18:18 AM](Error): [SetThrottle] Pattern for throttle offset not found.
[6/19/2025 2:18:18 AM](Error): [SetBrakes] Pattern for brake offset not found.
[6/19/2025 2:18:18 AM](Error): [SetSteerAngle] Steer angle pattern not found.
[6/19/2025 2:18:18 AM](Error): [SetThrottle] Pattern for throttle offset not found.
[6/19/2025 2:18:18 AM](Error): [SetBrakes] Pattern for brake offset not found.
[6/19/2025 2:18:18 AM](Error): [SetSteerAngle] Steer angle pattern not found.
[6/19/2025 2:18:18 AM](Error): [SetThrottle] Pattern for throttle offset not found.
[6/19/2025 2:18:18 AM](Error): [SetBrakes] Pattern for brake offset not found.
[6/19/2025 2:18:18 AM](Error): [SetSteerAngle] Steer angle pattern not found.
[6/19/2025 2:18:18 AM](Error): [SetThrottle] Pattern for throttle offset not found.
[6/19/2025 2:18:18 AM](Error): [SetBrakes] Pattern for brake offset not found.
[6/19/2025 2:18:18 AM](Error): [SetSteerAngle] Steer angle pattern not found.
[6/19/2025 2:18:18 AM](Error): [SetThrottle] Pattern for throttle offset not found.
[6/19/2025 2:18:19 AM](Error): [SetBrakes] Pattern for brake offset not found.
[6/19/2025 2:18:19 AM](Error): [SetSteerAngle] Steer angle pattern not found.
[6/19/2025 2:18:19 AM](Error): [SetThrottle] Pattern for throttle offset not found.
[6/19/2025 2:18:19 AM](Error): [SetBrakes] Pattern for brake offset not found.
[6/19/2025 2:18:19 AM](Error): [SetSteerAngle] Steer angle pattern not found.
[6/19/2025 2:18:19 AM](Error): [SetThrottle] Pattern for throttle offset not found.
[6/19/2025 2:18:19 AM](Error): [SetBrakes] Pattern for brake offset not found.
[6/19/2025 2:18:19 AM](Error): [SetSteerAngle] Steer angle pattern not found.
[6/19/2025 2:18:19 AM](Error): [SetThrottle] Pattern for throttle offset not found.
[6/19/2025 2:18:19 AM](Error): [SetBrakes] Pattern for brake offset not found.
[6/19/2025 2:18:19 AM](Error): [SetSteerAngle] Steer angle pattern not found.
[6/19/2025 2:18:19 AM](Error): [SetThrottle] Pattern for throttle offset not found.
[6/19/2025 2:18:19 AM](Error): [SetBrakes] Pattern for brake offset not found.
[6/19/2025 2:18:19 AM](Error): [SetSteerAngle] Steer angle pattern not found.
[6/19/2025 2:18:19 AM](Error): [SetThrottle] Pattern for throttle offset not found.
[6/19/2025 2:18:19 AM](Error): [SetBrakes] Pattern for brake offset not found.
[6/19/2025 2:18:19 AM](Error): [SetSteerAngle] Steer angle pattern not found.
[6/19/2025 2:18:20 AM](Error): [SetThrottle] Pattern for throttle offset not found.
[6/19/2025 2:18:20 AM](Error): [SetBrakes] Pattern for brake offset not found.
[6/19/2025 2:18:20 AM](Error): [SetSteerAngle] Steer angle pattern not found.
[6/19/2025 2:18:20 AM](Error): [SetThrottle] Pattern for throttle offset not found.
[6/19/2025 2:18:20 AM](Error): [SetBrakes] Pattern for brake offset not found.
[6/19/2025 2:18:20 AM](Error): [SetSteerAngle] Steer angle pattern not found.
[6/19/2025 2:18:20 AM](Error): [SetThrottle] Pattern for throttle offset not found.
[6/19/2025 2:18:20 AM](Error): [SetBrakes] Pattern for brake offset not found.
[6/19/2025 2:18:20 AM](Error): [SetSteerAngle] Steer angle pattern not found.
[6/19/2025 2:18:20 AM](Error): [SetThrottle] Pattern for throttle offset not found.
[6/19/2025 2:18:20 AM](Error): [SetBrakes] Pattern for brake offset not found.
[6/19/2025 2:18:20 AM](Error): [SetSteerAngle] Steer angle pattern not found.
[6/19/2025 2:18:20 AM](Error): [SetThrottle] Pattern for throttle offset not found.
[6/19/2025 2:18:20 AM](Error): [SetBrakes] Pattern for brake offset not found.
[6/19/2025 2:18:20 AM](Error): [SetSteerAngle] Steer angle pattern not found.
[6/19/2025 2:18:20 AM](Error): [SetThrottle] Pattern for throttle offset not found.
[6/19/2025 2:18:20 AM](Error): [SetBrakes] Pattern for brake offset not found.
[6/19/2025 2:18:21 AM](Error): [SetSteerAngle] Steer angle pattern not found.
[6/19/2025 2:18:21 AM](Error): [SetThrottle] Pattern for throttle offset not found.
[6/19/2025 2:18:21 AM](Error): [SetBrakes] Pattern for brake offset not found.
[6/19/2025 2:18:21 AM](Error): [SetSteerAngle] Steer angle pattern not found.
[6/19/2025 2:18:21 AM](Error): [SetThrottle] Pattern for throttle offset not found.
[6/19/2025 2:18:21 AM](Error): [SetBrakes] Pattern for brake offset not found.
[6/19/2025 2:18:21 AM](Error): [SetSteerAngle] Steer angle pattern not found.
[6/19/2025 2:18:21 AM](Error): [SetThrottle] Pattern for throttle offset not found.
[6/19/2025 2:18:21 AM](Error): [SetBrakes] Pattern for brake offset not found.
[6/19/2025 2:18:21 AM](Error): [SetSteerAngle] Steer angle pattern not found.
[6/19/2025 2:18:21 AM](Error): [SetThrottle] Pattern for throttle offset not found.
[6/19/2025 2:18:21 AM](Error): [SetBrakes] Pattern for brake offset not found.
[6/19/2025 2:18:21 AM](Error): [SetSteerAngle] Steer angle pattern not found.
[6/19/2025 2:18:21 AM](Error): [SetThrottle] Pattern for throttle offset not found.
[6/19/2025 2:18:21 AM](Error): [SetBrakes] Pattern for brake offset not found.
[6/19/2025 2:18:21 AM](Error): [SetSteerAngle] Steer angle pattern not found.
[6/19/2025 2:18:21 AM](Error): [SetThrottle] Pattern for throttle offset not found.
[6/19/2025 2:18:22 AM](Error): [SetBrakes] Pattern for brake offset not found.
[6/19/2025 2:18:22 AM](Error): [SetSteerAngle] Steer angle pattern not found.
[6/19/2025 2:18:22 AM](Error): [SetThrottle] Pattern for throttle offset not found.
[6/19/2025 2:18:22 AM](Error): [SetBrakes] Pattern for brake offset not found.
[6/19/2025 2:18:22 AM](Error): [SetSteerAngle] Steer angle pattern not found.
[6/19/2025 2:18:22 AM](Error): [SetThrottle] Pattern for throttle offset not found.
[6/19/2025 2:18:22 AM](Error): [SetBrakes] Pattern for brake offset not found.
[6/19/2025 2:18:22 AM](Error): [SetSteerAngle] Steer angle pattern not found.
[6/19/2025 2:18:22 AM](Error): [SetThrottle] Pattern for throttle offset not found.
[6/19/2025 2:18:22 AM](Error): [SetBrakes] Pattern for brake offset not found.
[6/19/2025 2:18:22 AM](Error): [SetSteerAngle] Steer angle pattern not found.
[6/19/2025 2:18:22 AM](Error): [SetThrottle] Pattern for throttle offset not found.
[6/19/2025 2:18:22 AM](Error): [SetBrakes] Pattern for brake offset not found.
[6/19/2025 2:18:22 AM](Error): [SetSteerAngle] Steer angle pattern not found.
[6/19/2025 2:18:22 AM](Error): [SetThrottle] Pattern for throttle offset not found.
[6/19/2025 2:18:22 AM](Error): [SetBrakes] Pattern for brake offset not found.
[6/19/2025 2:18:22 AM](Error): [SetSteerAngle] Steer angle pattern not found.
[6/19/2025 2:18:23 AM](Error): [SetThrottle] Pattern for throttle offset not found.
[6/19/2025 2:18:23 AM](Error): [SetBrakes] Pattern for brake offset not found.
[6/19/2025 2:18:23 AM](Error): [SetSteerAngle] Steer angle pattern not found.
[6/19/2025 2:18:23 AM](Error): [SetThrottle] Pattern for throttle offset not found.
[6/19/2025 2:18:23 AM](Error): [SetBrakes] Pattern for brake offset not found.
[6/19/2025 2:18:23 AM](Error): [SetSteerAngle] Steer angle pattern not found.
[6/19/2025 2:18:23 AM](Error): [SetThrottle] Pattern for throttle offset not found.
[6/19/2025 2:18:23 AM](Error): [SetBrakes] Pattern for brake offset not found.
[6/19/2025 2:18:23 AM](Error): [SetSteerAngle] Steer angle pattern not found.
[6/19/2025 2:18:23 AM](Error): [SetThrottle] Pattern for throttle offset not found.
[6/19/2025 2:18:23 AM](Error): [SetBrakes] Pattern for brake offset not found.
[6/19/2025 2:18:23 AM](Error): [SetSteerAngle] Steer angle pattern not found.
[6/19/2025 2:18:23 AM](Error): [SetThrottle] Pattern for throttle offset not found.
[6/19/2025 2:18:23 AM](Error): [SetBrakes] Pattern for brake offset not found.
[6/19/2025 2:18:23 AM](Error): [SetSteerAngle] Steer angle pattern not found.
[6/19/2025 2:18:23 AM](Error): [SetThrottle] Pattern for throttle offset not found.
[6/19/2025 2:18:23 AM](Error): [SetBrakes] Pattern for brake offset not found.
[6/19/2025 2:18:23 AM](Error): [SetSteerAngle] Steer angle pattern not found.
[6/19/2025 2:18:24 AM](Error): [SetThrottle] Pattern for throttle offset not found.
[6/19/2025 2:18:24 AM](Error): [SetBrakes] Pattern for brake offset not found.
[6/19/2025 2:18:24 AM](Error): [SetSteerAngle] Steer angle pattern not found.
[6/19/2025 2:18:24 AM](Error): [SetThrottle] Pattern for throttle offset not found.
[6/19/2025 2:18:24 AM](Error): [SetBrakes] Pattern for brake offset not found.
[6/19/2025 2:18:24 AM](Error): [SetSteerAngle] Steer angle pattern not found.
[6/19/2025 2:18:24 AM](Error): [SetThrottle] Pattern for throttle offset not found.
[6/19/2025 2:18:24 AM](Error): [SetBrakes] Pattern for brake offset not found.
[6/19/2025 2:18:24 AM](Error): [SetSteerAngle] Steer angle pattern not found.
[6/19/2025 2:18:24 AM](Error): [SetThrottle] Pattern for throttle offset not found.
[6/19/2025 2:18:24 AM](Error): [SetBrakes] Pattern for brake offset not found.
[6/19/2025 2:18:24 AM](Error): [SetSteerAngle] Steer angle pattern not found.
[6/19/2025 2:18:24 AM](Error): [SetThrottle] Pattern for throttle offset not found.
[6/19/2025 2:18:24 AM](Error): [SetBrakes] Pattern for brake offset not found.
[6/19/2025 2:18:24 AM](Error): [SetSteerAngle] Steer angle pattern not found.
[6/19/2025 2:18:24 AM](Error): [SetThrottle] Pattern for throttle offset not found.
[6/19/2025 2:18:24 AM](Error): [SetBrakes] Pattern for brake offset not found.
[6/19/2025 2:18:25 AM](Error): [SetSteerAngle] Steer angle pattern not found.
[6/19/2025 2:18:25 AM](Error): [SetThrottle] Pattern for throttle offset not found.
[6/19/2025 2:18:25 AM](Error): [SetBrakes] Pattern for brake offset not found.
[6/19/2025 2:18:25 AM](Error): [SetSteerAngle] Steer angle pattern not found.
[6/19/2025 2:18:25 AM](Error): [SetThrottle] Pattern for throttle offset not found.
[6/19/2025 2:18:25 AM](Error): [SetBrakes] Pattern for brake offset not found.
[6/19/2025 2:18:25 AM](Error): [SetSteerAngle] Steer angle pattern not found.
[6/19/2025 2:18:25 AM](Error): [SetThrottle] Pattern for throttle offset not found.
[6/19/2025 2:18:25 AM](Error): [SetBrakes] Pattern for brake offset not found.
[6/19/2025 2:18:25 AM](Error): [SetSteerAngle] Steer angle pattern not found.
[6/19/2025 2:18:25 AM](Error): [SetThrottle] Pattern for throttle offset not found.
[6/19/2025 2:18:25 AM](Error): [SetBrakes] Pattern for brake offset not found.
[6/19/2025 2:18:25 AM](Error): [SetSteerAngle] Steer angle pattern not found.
[6/19/2025 2:18:25 AM](Error): [SetThrottle] Pattern for throttle offset not found.
[6/19/2025 2:18:25 AM](Error): [SetBrakes] Pattern for brake offset not found.
[6/19/2025 2:18:25 AM](Error): [SetSteerAngle] Steer angle pattern not found.
[6/19/2025 2:18:25 AM](Error): [SetThrottle] Pattern for throttle offset not found.
[6/19/2025 2:18:26 AM](Error): [SetBrakes] Pattern for brake offset not found.
[6/19/2025 2:18:26 AM](Error): [SetSteerAngle] Steer angle pattern not found.
[6/19/2025 2:18:26 AM](Error): [SetThrottle] Pattern for throttle offset not found.
[6/19/2025 2:18:26 AM](Error): [SetBrakes] Pattern for brake offset not found.
[6/19/2025 2:18:26 AM](Error): [SetSteerAngle] Steer angle pattern not found.
[6/19/2025 2:18:26 AM](Error): [SetThrottle] Pattern for throttle offset not found.
[6/19/2025 2:18:26 AM](Error): [SetBrakes] Pattern for brake offset not found.
[6/19/2025 2:18:26 AM](Error): [SetSteerAngle] Steer angle pattern not found.
[6/19/2025 2:18:26 AM](Error): [SetThrottle] Pattern for throttle offset not found.
[6/19/2025 2:18:26 AM](Error): [SetBrakes] Pattern for brake offset not found.
[6/19/2025 2:18:26 AM](Error): [SetSteerAngle] Steer angle pattern not found.
[6/19/2025 2:18:26 AM](Error): [SetThrottle] Pattern for throttle offset not found.
[6/19/2025 2:18:26 AM](Error): [SetBrakes] Pattern for brake offset not found.
[6/19/2025 2:18:26 AM](Error): [SetSteerAngle] Steer angle pattern not found.
[6/19/2025 2:18:26 AM](Error): [SetThrottle] Pattern for throttle offset not found.
[6/19/2025 2:18:26 AM](Error): [SetBrakes] Pattern for brake offset not found.
[6/19/2025 2:18:26 AM](Error): [SetSteerAngle] Steer angle pattern not found.
[6/19/2025 2:18:27 AM](Error): [SetThrottle] Pattern for throttle offset not found.
[6/19/2025 2:18:27 AM](Error): [SetBrakes] Pattern for brake offset not found.
[6/19/2025 2:18:27 AM](Error): [SetSteerAngle] Steer angle pattern not found.
[6/19/2025 2:18:27 AM](Error): [SetThrottle] Pattern for throttle offset not found.
[6/19/2025 2:18:27 AM](Error): [SetBrakes] Pattern for brake offset not found.
[6/19/2025 2:18:27 AM](Error): [SetSteerAngle] Steer angle pattern not found.
[6/19/2025 2:18:27 AM](Error): [SetThrottle] Pattern for throttle offset not found.
[6/19/2025 2:18:27 AM](Error): [SetBrakes] Pattern for brake offset not found.
[6/19/2025 2:18:27 AM](Error): [SetSteerAngle] Steer angle pattern not found.
[6/19/2025 2:18:27 AM](Error): [SetThrottle] Pattern for throttle offset not found.
[6/19/2025 2:18:27 AM](Error): [SetBrakes] Pattern for brake offset not found.
[6/19/2025 2:18:27 AM](Error): [SetSteerAngle] Steer angle pattern not found.
[6/19/2025 2:18:27 AM](Error): [SetThrottle] Pattern for throttle offset not found.
[6/19/2025 2:18:27 AM](Error): [SetBrakes] Pattern for brake offset not found.
[6/19/2025 2:18:27 AM](Error): [SetSteerAngle] Steer angle pattern not found.